2013-06-19T19:29:57.865+08:00: LoadService:   -> jruby
2013-06-19T19:29:58.054+08:00: LoadService: LoadService: trying builtinLib: jruby.rb
2013-06-19T19:29:58.055+08:00: LoadService: LoadService: found builtinLib: jruby.rb
2013-06-19T19:29:58.056+08:00: LoadService:     -> java
2013-06-19T19:29:58.056+08:00: LoadService: LoadService: trying builtinLib: java.rb
2013-06-19T19:29:58.056+08:00: LoadService: LoadService: found builtinLib: java.rb
2013-06-19T19:29:58.143+08:00: LoadService:       -> jruby/java
2013-06-19T19:29:58.143+08:00: LoadService: LoadService: trying builtinLib: jruby/java.rb
2013-06-19T19:29:58.143+08:00: LoadService: LoadService: trying builtinLib: jruby/java.class
2013-06-19T19:29:58.144+08:00: LoadService: LoadService: trying resourceFromLoadPath: '/opt/jruby/lib/ruby/1.9/site_ruby/jruby/java.rb' false false
2013-06-19T19:29:58.144+08:00: LoadService: LoadService: trying resourceFromLoadPath: '/opt/jruby/lib/ruby/1.9/site_ruby/jruby/java.class' false false
2013-06-19T19:29:58.145+08:00: LoadService: LoadService: trying resourceFromLoadPath: '/opt/jruby/lib/ruby/shared/jruby/java.rb' false false
2013-06-19T19:29:58.145+08:00: LoadService: LoadService: trying resourceFromLoadPath: '/opt/jruby/lib/ruby/shared/jruby/java.class' false false
2013-06-19T19:29:58.145+08:00: LoadService: LoadService: trying resourceFromLoadPath: '/opt/jruby/lib/ruby/1.9/jruby/java.rb' false false
2013-06-19T19:29:58.145+08:00: LoadService: LoadService: trying resourceFromLoadPath: '/opt/jruby/lib/ruby/1.9/jruby/java.class' false false
2013-06-19T19:29:58.145+08:00: LoadService: LoadService: trying builtinLib: jruby/java.jar
2013-06-19T19:29:58.145+08:00: LoadService: LoadService: trying builtinLib: jruby/java.jar.rb
2013-06-19T19:29:58.146+08:00: LoadService: LoadService: trying resourceFromLoadPath: '/opt/jruby/lib/ruby/1.9/site_ruby/jruby/java.jar' false false
2013-06-19T19:29:58.146+08:00: LoadService: LoadService: trying resourceFromLoadPath: '/opt/jruby/lib/ruby/1.9/site_ruby/jruby/java.jar.rb' false false
2013-06-19T19:29:58.146+08:00: LoadService: LoadService: trying resourceFromLoadPath: '/opt/jruby/lib/ruby/shared/jruby/java.jar' false false
2013-06-19T19:29:58.146+08:00: LoadService: LoadService: trying resourceFromLoadPath: '/opt/jruby/lib/ruby/shared/jruby/java.jar.rb' false false
2013-06-19T19:29:58.146+08:00: LoadService: LoadService: trying resourceFromLoadPath: '/opt/jruby/lib/ruby/1.9/jruby/java.jar' false false
2013-06-19T19:29:58.146+08:00: LoadService: LoadService: trying resourceFromLoadPath: '/opt/jruby/lib/ruby/1.9/jruby/java.jar.rb' false false
2013-06-19T19:29:58.147+08:00: LoadService: LoadService: trying fileInClasspath: jruby/java.rb
2013-06-19T19:29:58.148+08:00: LoadService: LoadService: found: jar:file:/opt/jruby/lib/jruby.jar!/jruby/java.rb
2013-06-19T19:29:58.245+08:00: LoadService:         -> jruby/java/java_module
2013-06-19T19:29:58.245+08:00: LoadService: LoadService: trying builtinLib: jruby/java/java_module.rb
2013-06-19T19:29:58.245+08:00: LoadService: LoadService: trying builtinLib: jruby/java/java_module.class
2013-06-19T19:29:58.246+08:00: LoadService: LoadService: trying resourceFromLoadPath: '/opt/jruby/lib/ruby/1.9/site_ruby/jruby/java/java_module.rb' false false
2013-06-19T19:29:58.247+08:00: LoadService: LoadService: trying resourceFromLoadPath: '/opt/jruby/lib/ruby/1.9/site_ruby/jruby/java/java_module.class' false false
2013-06-19T19:29:58.247+08:00: LoadService: LoadService: trying resourceFromLoadPath: '/opt/jruby/lib/ruby/shared/jruby/java/java_module.rb' false false
2013-06-19T19:29:58.248+08:00: LoadService: LoadService: trying resourceFromLoadPath: '/opt/jruby/lib/ruby/shared/jruby/java/java_module.class' false false
2013-06-19T19:29:58.248+08:00: LoadService: LoadService: trying resourceFromLoadPath: '/opt/jruby/lib/ruby/1.9/jruby/java/java_module.rb' false false
2013-06-19T19:29:58.249+08:00: LoadService: LoadService: trying resourceFromLoadPath: '/opt/jruby/lib/ruby/1.9/jruby/java/java_module.class' false false
2013-06-19T19:29:58.249+08:00: LoadService: LoadService: trying builtinLib: jruby/java/java_module.jar
2013-06-19T19:29:58.250+08:00: LoadService: LoadService: trying builtinLib: jruby/java/java_module.jar.rb
2013-06-19T19:29:58.250+08:00: LoadService: LoadService: trying resourceFromLoadPath: '/opt/jruby/lib/ruby/1.9/site_ruby/jruby/java/java_module.jar' false false
2013-06-19T19:29:58.251+08:00: LoadService: LoadService: trying resourceFromLoadPath: '/opt/jruby/lib/ruby/1.9/site_ruby/jruby/java/java_module.jar.rb' false false
2013-06-19T19:29:58.251+08:00: LoadService: LoadService: trying resourceFromLoadPath: '/opt/jruby/lib/ruby/shared/jruby/java/java_module.jar' false false
2013-06-19T19:29:58.252+08:00: LoadService: LoadService: trying resourceFromLoadPath: '/opt/jruby/lib/ruby/shared/jruby/java/java_module.jar.rb' false false
2013-06-19T19:29:58.253+08:00: LoadService: LoadService: trying resourceFromLoadPath: '/opt/jruby/lib/ruby/1.9/jruby/java/java_module.jar' false false
2013-06-19T19:29:58.253+08:00: LoadService: LoadService: trying resourceFromLoadPath: '/opt/jruby/lib/ruby/1.9/jruby/java/java_module.jar.rb' false false
2013-06-19T19:29:58.254+08:00: LoadService: LoadService: trying fileInClasspath: jruby/java/java_module.rb
2013-06-19T19:29:58.254+08:00: LoadService: LoadService: found: jar:file:/opt/jruby/lib/jruby.jar!/jruby/java/java_module.rb
2013-06-19T19:29:58.278+08:00: LoadService:         <- jruby/java/java_module - 32ms
2013-06-19T19:29:58.279+08:00: LoadService:         -> jruby/java/java_package_module_template
2013-06-19T19:29:58.279+08:00: LoadService: LoadService: trying builtinLib: jruby/java/java_package_module_template.rb
2013-06-19T19:29:58.280+08:00: LoadService: LoadService: trying builtinLib: jruby/java/java_package_module_template.class
2013-06-19T19:29:58.280+08:00: LoadService: LoadService: trying resourceFromLoadPath: '/opt/jruby/lib/ruby/1.9/site_ruby/jruby/java/java_package_module_template.rb' false false
2013-06-19T19:29:58.281+08:00: LoadService: LoadService: trying resourceFromLoadPath: '/opt/jruby/lib/ruby/1.9/site_ruby/jruby/java/java_package_module_template.class' false false
2013-06-19T19:29:58.281+08:00: LoadService: LoadService: trying resourceFromLoadPath: '/opt/jruby/lib/ruby/shared/jruby/java/java_package_module_template.rb' false false
2013-06-19T19:29:58.282+08:00: LoadService: LoadService: trying resourceFromLoadPath: '/opt/jruby/lib/ruby/shared/jruby/java/java_package_module_template.class' false false
2013-06-19T19:29:58.282+08:00: LoadService: LoadService: trying resourceFromLoadPath: '/opt/jruby/lib/ruby/1.9/jruby/java/java_package_module_template.rb' false false
2013-06-19T19:29:58.283+08:00: LoadService: LoadService: trying resourceFromLoadPath: '/opt/jruby/lib/ruby/1.9/jruby/java/java_package_module_template.class' false false
2013-06-19T19:29:58.283+08:00: LoadService: LoadService: trying builtinLib: jruby/java/java_package_module_template.jar
2013-06-19T19:29:58.284+08:00: LoadService: LoadService: trying builtinLib: jruby/java/java_package_module_template.jar.rb
2013-06-19T19:29:58.284+08:00: LoadService: LoadService: trying resourceFromLoadPath: '/opt/jruby/lib/ruby/1.9/site_ruby/jruby/java/java_package_module_template.jar' false false
2013-06-19T19:29:58.285+08:00: LoadService: LoadService: trying resourceFromLoadPath: '/opt/jruby/lib/ruby/1.9/site_ruby/jruby/java/java_package_module_template.jar.rb' false false
2013-06-19T19:29:58.285+08:00: LoadService: LoadService: trying resourceFromLoadPath: '/opt/jruby/lib/ruby/shared/jruby/java/java_package_module_template.jar' false false
2013-06-19T19:29:58.286+08:00: LoadService: LoadService: trying resourceFromLoadPath: '/opt/jruby/lib/ruby/shared/jruby/java/java_package_module_template.jar.rb' false false
2013-06-19T19:29:58.286+08:00: LoadService: LoadService: trying resourceFromLoadPath: '/opt/jruby/lib/ruby/1.9/jruby/java/java_package_module_template.jar' false false
2013-06-19T19:29:58.287+08:00: LoadService: LoadService: trying resourceFromLoadPath: '/opt/jruby/lib/ruby/1.9/jruby/java/java_package_module_template.jar.rb' false false
2013-06-19T19:29:58.287+08:00: LoadService: LoadService: trying fileInClasspath: jruby/java/java_package_module_template.rb
2013-06-19T19:29:58.288+08:00: LoadService: LoadService: found: jar:file:/opt/jruby/lib/jruby.jar!/jruby/java/java_package_module_template.rb
2013-06-19T19:29:58.307+08:00: LoadService:         <- jruby/java/java_package_module_template - 28ms
2013-06-19T19:29:58.307+08:00: LoadService:         -> jruby/java/java_utilities
2013-06-19T19:29:58.308+08:00: LoadService: LoadService: trying builtinLib: jruby/java/java_utilities.rb
2013-06-19T19:29:58.308+08:00: LoadService: LoadService: trying builtinLib: jruby/java/java_utilities.class
2013-06-19T19:29:58.309+08:00: LoadService: LoadService: trying resourceFromLoadPath: '/opt/jruby/lib/ruby/1.9/site_ruby/jruby/java/java_utilities.rb' false false
2013-06-19T19:29:58.309+08:00: LoadService: LoadService: trying resourceFromLoadPath: '/opt/jruby/lib/ruby/1.9/site_ruby/jruby/java/java_utilities.class' false false
2013-06-19T19:29:58.309+08:00: LoadService: LoadService: trying resourceFromLoadPath: '/opt/jruby/lib/ruby/shared/jruby/java/java_utilities.rb' false false
2013-06-19T19:29:58.310+08:00: LoadService: LoadService: trying resourceFromLoadPath: '/opt/jruby/lib/ruby/shared/jruby/java/java_utilities.class' false false
2013-06-19T19:29:58.310+08:00: LoadService: LoadService: trying resourceFromLoadPath: '/opt/jruby/lib/ruby/1.9/jruby/java/java_utilities.rb' false false
2013-06-19T19:29:58.310+08:00: LoadService: LoadService: trying resourceFromLoadPath: '/opt/jruby/lib/ruby/1.9/jruby/java/java_utilities.class' false false
2013-06-19T19:29:58.310+08:00: LoadService: LoadService: trying builtinLib: jruby/java/java_utilities.jar
2013-06-19T19:29:58.310+08:00: LoadService: LoadService: trying builtinLib: jruby/java/java_utilities.jar.rb
2013-06-19T19:29:58.311+08:00: LoadService: LoadService: trying resourceFromLoadPath: '/opt/jruby/lib/ruby/1.9/site_ruby/jruby/java/java_utilities.jar' false false
2013-06-19T19:29:58.311+08:00: LoadService: LoadService: trying resourceFromLoadPath: '/opt/jruby/lib/ruby/1.9/site_ruby/jruby/java/java_utilities.jar.rb' false false
2013-06-19T19:29:58.311+08:00: LoadService: LoadService: trying resourceFromLoadPath: '/opt/jruby/lib/ruby/shared/jruby/java/java_utilities.jar' false false
2013-06-19T19:29:58.312+08:00: LoadService: LoadService: trying resourceFromLoadPath: '/opt/jruby/lib/ruby/shared/jruby/java/java_utilities.jar.rb' false false
2013-06-19T19:29:58.312+08:00: LoadService: LoadService: trying resourceFromLoadPath: '/opt/jruby/lib/ruby/1.9/jruby/java/java_utilities.jar' false false
2013-06-19T19:29:58.313+08:00: LoadService: LoadService: trying resourceFromLoadPath: '/opt/jruby/lib/ruby/1.9/jruby/java/java_utilities.jar.rb' false false
2013-06-19T19:29:58.313+08:00: LoadService: LoadService: trying fileInClasspath: jruby/java/java_utilities.rb
2013-06-19T19:29:58.314+08:00: LoadService: LoadService: found: jar:file:/opt/jruby/lib/jruby.jar!/jruby/java/java_utilities.rb
2013-06-19T19:29:58.329+08:00: LoadService:         <- jruby/java/java_utilities - 21ms
2013-06-19T19:29:58.330+08:00: LoadService:         -> jruby/java/core_ext
2013-06-19T19:29:58.330+08:00: LoadService: LoadService: trying builtinLib: jruby/java/core_ext.rb
2013-06-19T19:29:58.331+08:00: LoadService: LoadService: trying builtinLib: jruby/java/core_ext.class
2013-06-19T19:29:58.331+08:00: LoadService: LoadService: trying resourceFromLoadPath: '/opt/jruby/lib/ruby/1.9/site_ruby/jruby/java/core_ext.rb' false false
2013-06-19T19:29:58.331+08:00: LoadService: LoadService: trying resourceFromLoadPath: '/opt/jruby/lib/ruby/1.9/site_ruby/jruby/java/core_ext.class' false false
2013-06-19T19:29:58.332+08:00: LoadService: LoadService: trying resourceFromLoadPath: '/opt/jruby/lib/ruby/shared/jruby/java/core_ext.rb' false false
2013-06-19T19:29:58.332+08:00: LoadService: LoadService: trying resourceFromLoadPath: '/opt/jruby/lib/ruby/shared/jruby/java/core_ext.class' false false
2013-06-19T19:29:58.333+08:00: LoadService: LoadService: trying resourceFromLoadPath: '/opt/jruby/lib/ruby/1.9/jruby/java/core_ext.rb' false false
2013-06-19T19:29:58.333+08:00: LoadService: LoadService: trying resourceFromLoadPath: '/opt/jruby/lib/ruby/1.9/jruby/java/core_ext.class' false false
2013-06-19T19:29:58.333+08:00: LoadService: LoadService: trying builtinLib: jruby/java/core_ext.jar
2013-06-19T19:29:58.333+08:00: LoadService: LoadService: trying builtinLib: jruby/java/core_ext.jar.rb
2013-06-19T19:29:58.334+08:00: LoadService: LoadService: trying resourceFromLoadPath: '/opt/jruby/lib/ruby/1.9/site_ruby/jruby/java/core_ext.jar' false false
2013-06-19T19:29:58.334+08:00: LoadService: LoadService: trying resourceFromLoadPath: '/opt/jruby/lib/ruby/1.9/site_ruby/jruby/java/core_ext.jar.rb' false false
2013-06-19T19:29:58.334+08:00: LoadService: LoadService: trying resourceFromLoadPath: '/opt/jruby/lib/ruby/shared/jruby/java/core_ext.jar' false false
2013-06-19T19:29:58.335+08:00: LoadService: LoadService: trying resourceFromLoadPath: '/opt/jruby/lib/ruby/shared/jruby/java/core_ext.jar.rb' false false
2013-06-19T19:29:58.335+08:00: LoadService: LoadService: trying resourceFromLoadPath: '/opt/jruby/lib/ruby/1.9/jruby/java/core_ext.jar' false false
2013-06-19T19:29:58.335+08:00: LoadService: LoadService: trying resourceFromLoadPath: '/opt/jruby/lib/ruby/1.9/jruby/java/core_ext.jar.rb' false false
2013-06-19T19:29:58.336+08:00: LoadService: LoadService: trying fileInClasspath: jruby/java/core_ext.rb
2013-06-19T19:29:58.336+08:00: LoadService: LoadService: found: jar:file:/opt/jruby/lib/jruby.jar!/jruby/java/core_ext.rb
2013-06-19T19:29:58.339+08:00: LoadService:           -> jruby/java/core_ext/module
2013-06-19T19:29:58.339+08:00: LoadService: LoadService: trying builtinLib: jruby/java/core_ext/module.rb
2013-06-19T19:29:58.339+08:00: LoadService: LoadService: trying builtinLib: jruby/java/core_ext/module.class
2013-06-19T19:29:58.340+08:00: LoadService: LoadService: trying resourceFromLoadPath: '/opt/jruby/lib/ruby/1.9/site_ruby/jruby/java/core_ext/module.rb' false false
2013-06-19T19:29:58.340+08:00: LoadService: LoadService: trying resourceFromLoadPath: '/opt/jruby/lib/ruby/1.9/site_ruby/jruby/java/core_ext/module.class' false false
2013-06-19T19:29:58.341+08:00: LoadService: LoadService: trying resourceFromLoadPath: '/opt/jruby/lib/ruby/shared/jruby/java/core_ext/module.rb' false false
2013-06-19T19:29:58.341+08:00: LoadService: LoadService: trying resourceFromLoadPath: '/opt/jruby/lib/ruby/shared/jruby/java/core_ext/module.class' false false
2013-06-19T19:29:58.341+08:00: LoadService: LoadService: trying resourceFromLoadPath: '/opt/jruby/lib/ruby/1.9/jruby/java/core_ext/module.rb' false false
2013-06-19T19:29:58.342+08:00: LoadService: LoadService: trying resourceFromLoadPath: '/opt/jruby/lib/ruby/1.9/jruby/java/core_ext/module.class' false false
2013-06-19T19:29:58.342+08:00: LoadService: LoadService: trying builtinLib: jruby/java/core_ext/module.jar
2013-06-19T19:29:58.342+08:00: LoadService: LoadService: trying builtinLib: jruby/java/core_ext/module.jar.rb
2013-06-19T19:29:58.343+08:00: LoadService: LoadService: trying resourceFromLoadPath: '/opt/jruby/lib/ruby/1.9/site_ruby/jruby/java/core_ext/module.jar' false false
2013-06-19T19:29:58.343+08:00: LoadService: LoadService: trying resourceFromLoadPath: '/opt/jruby/lib/ruby/1.9/site_ruby/jruby/java/core_ext/module.jar.rb' false false
2013-06-19T19:29:58.343+08:00: LoadService: LoadService: trying resourceFromLoadPath: '/opt/jruby/lib/ruby/shared/jruby/java/core_ext/module.jar' false false
2013-06-19T19:29:58.344+08:00: LoadService: LoadService: trying resourceFromLoadPath: '/opt/jruby/lib/ruby/shared/jruby/java/core_ext/module.jar.rb' false false
2013-06-19T19:29:58.344+08:00: LoadService: LoadService: trying resourceFromLoadPath: '/opt/jruby/lib/ruby/1.9/jruby/java/core_ext/module.jar' false false
2013-06-19T19:29:58.345+08:00: LoadService: LoadService: trying resourceFromLoadPath: '/opt/jruby/lib/ruby/1.9/jruby/java/core_ext/module.jar.rb' false false
2013-06-19T19:29:58.345+08:00: LoadService: LoadService: trying fileInClasspath: jruby/java/core_ext/module.rb
2013-06-19T19:29:58.346+08:00: LoadService: LoadService: found: jar:file:/opt/jruby/lib/jruby.jar!/jruby/java/core_ext/module.rb
2013-06-19T19:29:58.470+08:00: LoadService:           <- jruby/java/core_ext/module - 131ms
2013-06-19T19:29:58.470+08:00: LoadService:           -> jruby/java/core_ext/object
2013-06-19T19:29:58.470+08:00: LoadService: LoadService: trying builtinLib: jruby/java/core_ext/object.rb
2013-06-19T19:29:58.470+08:00: LoadService: LoadService: trying builtinLib: jruby/java/core_ext/object.class
2013-06-19T19:29:58.470+08:00: LoadService: LoadService: trying resourceFromLoadPath: '/opt/jruby/lib/ruby/1.9/site_ruby/jruby/java/core_ext/object.rb' false false
2013-06-19T19:29:58.471+08:00: LoadService: LoadService: trying resourceFromLoadPath: '/opt/jruby/lib/ruby/1.9/site_ruby/jruby/java/core_ext/object.class' false false
2013-06-19T19:29:58.471+08:00: LoadService: LoadService: trying resourceFromLoadPath: '/opt/jruby/lib/ruby/shared/jruby/java/core_ext/object.rb' false false
2013-06-19T19:29:58.471+08:00: LoadService: LoadService: trying resourceFromLoadPath: '/opt/jruby/lib/ruby/shared/jruby/java/core_ext/object.class' false false
2013-06-19T19:29:58.471+08:00: LoadService: LoadService: trying resourceFromLoadPath: '/opt/jruby/lib/ruby/1.9/jruby/java/core_ext/object.rb' false false
2013-06-19T19:29:58.471+08:00: LoadService: LoadService: trying resourceFromLoadPath: '/opt/jruby/lib/ruby/1.9/jruby/java/core_ext/object.class' false false
2013-06-19T19:29:58.471+08:00: LoadService: LoadService: trying builtinLib: jruby/java/core_ext/object.jar
2013-06-19T19:29:58.472+08:00: LoadService: LoadService: trying builtinLib: jruby/java/core_ext/object.jar.rb
2013-06-19T19:29:58.472+08:00: LoadService: LoadService: trying resourceFromLoadPath: '/opt/jruby/lib/ruby/1.9/site_ruby/jruby/java/core_ext/object.jar' false false
2013-06-19T19:29:58.472+08:00: LoadService: LoadService: trying resourceFromLoadPath: '/opt/jruby/lib/ruby/1.9/site_ruby/jruby/java/core_ext/object.jar.rb' false false
2013-06-19T19:29:58.472+08:00: LoadService: LoadService: trying resourceFromLoadPath: '/opt/jruby/lib/ruby/shared/jruby/java/core_ext/object.jar' false false
2013-06-19T19:29:58.472+08:00: LoadService: LoadService: trying resourceFromLoadPath: '/opt/jruby/lib/ruby/shared/jruby/java/core_ext/object.jar.rb' false false
2013-06-19T19:29:58.473+08:00: LoadService: LoadService: trying resourceFromLoadPath: '/opt/jruby/lib/ruby/1.9/jruby/java/core_ext/object.jar' false false
2013-06-19T19:29:58.473+08:00: LoadService: LoadService: trying resourceFromLoadPath: '/opt/jruby/lib/ruby/1.9/jruby/java/core_ext/object.jar.rb' false false
2013-06-19T19:29:58.473+08:00: LoadService: LoadService: trying fileInClasspath: jruby/java/core_ext/object.rb
2013-06-19T19:29:58.473+08:00: LoadService: LoadService: found: jar:file:/opt/jruby/lib/jruby.jar!/jruby/java/core_ext/object.rb
2013-06-19T19:29:58.498+08:00: LoadService:           <- jruby/java/core_ext/object - 28ms
2013-06-19T19:29:58.498+08:00: LoadService:           -> jruby/java/core_ext/kernel
2013-06-19T19:29:58.499+08:00: LoadService: LoadService: trying builtinLib: jruby/java/core_ext/kernel.rb
2013-06-19T19:29:58.499+08:00: LoadService: LoadService: trying builtinLib: jruby/java/core_ext/kernel.class
2013-06-19T19:29:58.499+08:00: LoadService: LoadService: trying resourceFromLoadPath: '/opt/jruby/lib/ruby/1.9/site_ruby/jruby/java/core_ext/kernel.rb' false false
2013-06-19T19:29:58.499+08:00: LoadService: LoadService: trying resourceFromLoadPath: '/opt/jruby/lib/ruby/1.9/site_ruby/jruby/java/core_ext/kernel.class' false false
2013-06-19T19:29:58.499+08:00: LoadService: LoadService: trying resourceFromLoadPath: '/opt/jruby/lib/ruby/shared/jruby/java/core_ext/kernel.rb' false false
2013-06-19T19:29:58.499+08:00: LoadService: LoadService: trying resourceFromLoadPath: '/opt/jruby/lib/ruby/shared/jruby/java/core_ext/kernel.class' false false
2013-06-19T19:29:58.500+08:00: LoadService: LoadService: trying resourceFromLoadPath: '/opt/jruby/lib/ruby/1.9/jruby/java/core_ext/kernel.rb' false false
2013-06-19T19:29:58.500+08:00: LoadService: LoadService: trying resourceFromLoadPath: '/opt/jruby/lib/ruby/1.9/jruby/java/core_ext/kernel.class' false false
2013-06-19T19:29:58.500+08:00: LoadService: LoadService: trying builtinLib: jruby/java/core_ext/kernel.jar
2013-06-19T19:29:58.500+08:00: LoadService: LoadService: trying builtinLib: jruby/java/core_ext/kernel.jar.rb
2013-06-19T19:29:58.500+08:00: LoadService: LoadService: trying resourceFromLoadPath: '/opt/jruby/lib/ruby/1.9/site_ruby/jruby/java/core_ext/kernel.jar' false false
2013-06-19T19:29:58.500+08:00: LoadService: LoadService: trying resourceFromLoadPath: '/opt/jruby/lib/ruby/1.9/site_ruby/jruby/java/core_ext/kernel.jar.rb' false false
2013-06-19T19:29:58.501+08:00: LoadService: LoadService: trying resourceFromLoadPath: '/opt/jruby/lib/ruby/shared/jruby/java/core_ext/kernel.jar' false false
2013-06-19T19:29:58.501+08:00: LoadService: LoadService: trying resourceFromLoadPath: '/opt/jruby/lib/ruby/shared/jruby/java/core_ext/kernel.jar.rb' false false
2013-06-19T19:29:58.501+08:00: LoadService: LoadService: trying resourceFromLoadPath: '/opt/jruby/lib/ruby/1.9/jruby/java/core_ext/kernel.jar' false false
2013-06-19T19:29:58.501+08:00: LoadService: LoadService: trying resourceFromLoadPath: '/opt/jruby/lib/ruby/1.9/jruby/java/core_ext/kernel.jar.rb' false false
2013-06-19T19:29:58.501+08:00: LoadService: LoadService: trying fileInClasspath: jruby/java/core_ext/kernel.rb
2013-06-19T19:29:58.502+08:00: LoadService: LoadService: found: jar:file:/opt/jruby/lib/jruby.jar!/jruby/java/core_ext/kernel.rb
2013-06-19T19:29:58.516+08:00: LoadService:           <- jruby/java/core_ext/kernel - 18ms
2013-06-19T19:29:58.517+08:00: LoadService:         <- jruby/java/core_ext - 187ms
2013-06-19T19:29:58.517+08:00: LoadService:         -> jruby/java/java_ext
2013-06-19T19:29:58.517+08:00: LoadService: LoadService: trying builtinLib: jruby/java/java_ext.rb
2013-06-19T19:29:58.518+08:00: LoadService: LoadService: trying builtinLib: jruby/java/java_ext.class
2013-06-19T19:29:58.518+08:00: LoadService: LoadService: trying resourceFromLoadPath: '/opt/jruby/lib/ruby/1.9/site_ruby/jruby/java/java_ext.rb' false false
2013-06-19T19:29:58.518+08:00: LoadService: LoadService: trying resourceFromLoadPath: '/opt/jruby/lib/ruby/1.9/site_ruby/jruby/java/java_ext.class' false false
2013-06-19T19:29:58.518+08:00: LoadService: LoadService: trying resourceFromLoadPath: '/opt/jruby/lib/ruby/shared/jruby/java/java_ext.rb' false false
2013-06-19T19:29:58.518+08:00: LoadService: LoadService: trying resourceFromLoadPath: '/opt/jruby/lib/ruby/shared/jruby/java/java_ext.class' false false
2013-06-19T19:29:58.519+08:00: LoadService: LoadService: trying resourceFromLoadPath: '/opt/jruby/lib/ruby/1.9/jruby/java/java_ext.rb' false false
2013-06-19T19:29:58.519+08:00: LoadService: LoadService: trying resourceFromLoadPath: '/opt/jruby/lib/ruby/1.9/jruby/java/java_ext.class' false false
2013-06-19T19:29:58.519+08:00: LoadService: LoadService: trying builtinLib: jruby/java/java_ext.jar
2013-06-19T19:29:58.519+08:00: LoadService: LoadService: trying builtinLib: jruby/java/java_ext.jar.rb
2013-06-19T19:29:58.519+08:00: LoadService: LoadService: trying resourceFromLoadPath: '/opt/jruby/lib/ruby/1.9/site_ruby/jruby/java/java_ext.jar' false false
2013-06-19T19:29:58.519+08:00: LoadService: LoadService: trying resourceFromLoadPath: '/opt/jruby/lib/ruby/1.9/site_ruby/jruby/java/java_ext.jar.rb' false false
2013-06-19T19:29:58.520+08:00: LoadService: LoadService: trying resourceFromLoadPath: '/opt/jruby/lib/ruby/shared/jruby/java/java_ext.jar' false false
2013-06-19T19:29:58.520+08:00: LoadService: LoadService: trying resourceFromLoadPath: '/opt/jruby/lib/ruby/shared/jruby/java/java_ext.jar.rb' false false
2013-06-19T19:29:58.520+08:00: LoadService: LoadService: trying resourceFromLoadPath: '/opt/jruby/lib/ruby/1.9/jruby/java/java_ext.jar' false false
2013-06-19T19:29:58.520+08:00: LoadService: LoadService: trying resourceFromLoadPath: '/opt/jruby/lib/ruby/1.9/jruby/java/java_ext.jar.rb' false false
2013-06-19T19:29:58.520+08:00: LoadService: LoadService: trying fileInClasspath: jruby/java/java_ext.rb
2013-06-19T19:29:58.521+08:00: LoadService: LoadService: found: jar:file:/opt/jruby/lib/jruby.jar!/jruby/java/java_ext.rb
2013-06-19T19:29:58.523+08:00: LoadService:           -> jruby/java/java_ext/java.lang
2013-06-19T19:29:58.525+08:00: LoadService: LoadService: trying builtinLib: jruby/java/java_ext/java.lang.rb
2013-06-19T19:29:58.525+08:00: LoadService: LoadService: trying builtinLib: jruby/java/java_ext/java.lang.class
2013-06-19T19:29:58.526+08:00: LoadService: LoadService: trying resourceFromLoadPath: '/opt/jruby/lib/ruby/1.9/site_ruby/jruby/java/java_ext/java.lang.rb' false false
2013-06-19T19:29:58.526+08:00: LoadService: LoadService: trying resourceFromLoadPath: '/opt/jruby/lib/ruby/1.9/site_ruby/jruby/java/java_ext/java.lang.class' false false
2013-06-19T19:29:58.526+08:00: LoadService: LoadService: trying resourceFromLoadPath: '/opt/jruby/lib/ruby/shared/jruby/java/java_ext/java.lang.rb' false false
2013-06-19T19:29:58.526+08:00: LoadService: LoadService: trying resourceFromLoadPath: '/opt/jruby/lib/ruby/shared/jruby/java/java_ext/java.lang.class' false false
2013-06-19T19:29:58.527+08:00: LoadService: LoadService: trying resourceFromLoadPath: '/opt/jruby/lib/ruby/1.9/jruby/java/java_ext/java.lang.rb' false false
2013-06-19T19:29:58.527+08:00: LoadService: LoadService: trying resourceFromLoadPath: '/opt/jruby/lib/ruby/1.9/jruby/java/java_ext/java.lang.class' false false
2013-06-19T19:29:58.527+08:00: LoadService: LoadService: trying builtinLib: jruby/java/java_ext/java.lang.jar
2013-06-19T19:29:58.527+08:00: LoadService: LoadService: trying builtinLib: jruby/java/java_ext/java.lang.jar.rb
2013-06-19T19:29:58.527+08:00: LoadService: LoadService: trying resourceFromLoadPath: '/opt/jruby/lib/ruby/1.9/site_ruby/jruby/java/java_ext/java.lang.jar' false false
2013-06-19T19:29:58.528+08:00: LoadService: LoadService: trying resourceFromLoadPath: '/opt/jruby/lib/ruby/1.9/site_ruby/jruby/java/java_ext/java.lang.jar.rb' false false
2013-06-19T19:29:58.528+08:00: LoadService: LoadService: trying resourceFromLoadPath: '/opt/jruby/lib/ruby/shared/jruby/java/java_ext/java.lang.jar' false false
2013-06-19T19:29:58.528+08:00: LoadService: LoadService: trying resourceFromLoadPath: '/opt/jruby/lib/ruby/shared/jruby/java/java_ext/java.lang.jar.rb' false false
2013-06-19T19:29:58.528+08:00: LoadService: LoadService: trying resourceFromLoadPath: '/opt/jruby/lib/ruby/1.9/jruby/java/java_ext/java.lang.jar' false false
2013-06-19T19:29:58.529+08:00: LoadService: LoadService: trying resourceFromLoadPath: '/opt/jruby/lib/ruby/1.9/jruby/java/java_ext/java.lang.jar.rb' false false
2013-06-19T19:29:58.529+08:00: LoadService: LoadService: trying fileInClasspath: jruby/java/java_ext/java.lang.rb
2013-06-19T19:29:58.529+08:00: LoadService: LoadService: found: jar:file:/opt/jruby/lib/jruby.jar!/jruby/java/java_ext/java.lang.rb
2013-06-19T19:29:58.730+08:00: LoadService:           <- jruby/java/java_ext/java.lang - 205ms
2013-06-19T19:29:58.730+08:00: LoadService:           -> jruby/java/java_ext/java.util
2013-06-19T19:29:58.731+08:00: LoadService: LoadService: trying builtinLib: jruby/java/java_ext/java.util.rb
2013-06-19T19:29:58.731+08:00: LoadService: LoadService: trying builtinLib: jruby/java/java_ext/java.util.class
2013-06-19T19:29:58.731+08:00: LoadService: LoadService: trying resourceFromLoadPath: '/opt/jruby/lib/ruby/1.9/site_ruby/jruby/java/java_ext/java.util.rb' false false
2013-06-19T19:29:58.731+08:00: LoadService: LoadService: trying resourceFromLoadPath: '/opt/jruby/lib/ruby/1.9/site_ruby/jruby/java/java_ext/java.util.class' false false
2013-06-19T19:29:58.731+08:00: LoadService: LoadService: trying resourceFromLoadPath: '/opt/jruby/lib/ruby/shared/jruby/java/java_ext/java.util.rb' false false
2013-06-19T19:29:58.731+08:00: LoadService: LoadService: trying resourceFromLoadPath: '/opt/jruby/lib/ruby/shared/jruby/java/java_ext/java.util.class' false false
2013-06-19T19:29:58.732+08:00: LoadService: LoadService: trying resourceFromLoadPath: '/opt/jruby/lib/ruby/1.9/jruby/java/java_ext/java.util.rb' false false
2013-06-19T19:29:58.732+08:00: LoadService: LoadService: trying resourceFromLoadPath: '/opt/jruby/lib/ruby/1.9/jruby/java/java_ext/java.util.class' false false
2013-06-19T19:29:58.732+08:00: LoadService: LoadService: trying builtinLib: jruby/java/java_ext/java.util.jar
2013-06-19T19:29:58.732+08:00: LoadService: LoadService: trying builtinLib: jruby/java/java_ext/java.util.jar.rb
2013-06-19T19:29:58.732+08:00: LoadService: LoadService: trying resourceFromLoadPath: '/opt/jruby/lib/ruby/1.9/site_ruby/jruby/java/java_ext/java.util.jar' false false
2013-06-19T19:29:58.732+08:00: LoadService: LoadService: trying resourceFromLoadPath: '/opt/jruby/lib/ruby/1.9/site_ruby/jruby/java/java_ext/java.util.jar.rb' false false
2013-06-19T19:29:58.733+08:00: LoadService: LoadService: trying resourceFromLoadPath: '/opt/jruby/lib/ruby/shared/jruby/java/java_ext/java.util.jar' false false
2013-06-19T19:29:58.733+08:00: LoadService: LoadService: trying resourceFromLoadPath: '/opt/jruby/lib/ruby/shared/jruby/java/java_ext/java.util.jar.rb' false false
2013-06-19T19:29:58.733+08:00: LoadService: LoadService: trying resourceFromLoadPath: '/opt/jruby/lib/ruby/1.9/jruby/java/java_ext/java.util.jar' false false
2013-06-19T19:29:58.733+08:00: LoadService: LoadService: trying resourceFromLoadPath: '/opt/jruby/lib/ruby/1.9/jruby/java/java_ext/java.util.jar.rb' false false
2013-06-19T19:29:58.733+08:00: LoadService: LoadService: trying fileInClasspath: jruby/java/java_ext/java.util.rb
2013-06-19T19:29:58.734+08:00: LoadService: LoadService: found: jar:file:/opt/jruby/lib/jruby.jar!/jruby/java/java_ext/java.util.rb
2013-06-19T19:29:58.754+08:00: LoadService:           <- jruby/java/java_ext/java.util - 23ms
2013-06-19T19:29:58.755+08:00: LoadService:           -> jruby/java/java_ext/java.util.regex
2013-06-19T19:29:58.755+08:00: LoadService: LoadService: trying builtinLib: jruby/java/java_ext/java.util.regex.rb
2013-06-19T19:29:58.755+08:00: LoadService: LoadService: trying builtinLib: jruby/java/java_ext/java.util.regex.class
2013-06-19T19:29:58.755+08:00: LoadService: LoadService: trying resourceFromLoadPath: '/opt/jruby/lib/ruby/1.9/site_ruby/jruby/java/java_ext/java.util.regex.rb' false false
2013-06-19T19:29:58.756+08:00: LoadService: LoadService: trying resourceFromLoadPath: '/opt/jruby/lib/ruby/1.9/site_ruby/jruby/java/java_ext/java.util.regex.class' false false
2013-06-19T19:29:58.756+08:00: LoadService: LoadService: trying resourceFromLoadPath: '/opt/jruby/lib/ruby/shared/jruby/java/java_ext/java.util.regex.rb' false false
2013-06-19T19:29:58.756+08:00: LoadService: LoadService: trying resourceFromLoadPath: '/opt/jruby/lib/ruby/shared/jruby/java/java_ext/java.util.regex.class' false false
2013-06-19T19:29:58.756+08:00: LoadService: LoadService: trying resourceFromLoadPath: '/opt/jruby/lib/ruby/1.9/jruby/java/java_ext/java.util.regex.rb' false false
2013-06-19T19:29:58.756+08:00: LoadService: LoadService: trying resourceFromLoadPath: '/opt/jruby/lib/ruby/1.9/jruby/java/java_ext/java.util.regex.class' false false
2013-06-19T19:29:58.756+08:00: LoadService: LoadService: trying builtinLib: jruby/java/java_ext/java.util.regex.jar
2013-06-19T19:29:58.756+08:00: LoadService: LoadService: trying builtinLib: jruby/java/java_ext/java.util.regex.jar.rb
2013-06-19T19:29:58.757+08:00: LoadService: LoadService: trying resourceFromLoadPath: '/opt/jruby/lib/ruby/1.9/site_ruby/jruby/java/java_ext/java.util.regex.jar' false false
2013-06-19T19:29:58.757+08:00: LoadService: LoadService: trying resourceFromLoadPath: '/opt/jruby/lib/ruby/1.9/site_ruby/jruby/java/java_ext/java.util.regex.jar.rb' false false
2013-06-19T19:29:58.757+08:00: LoadService: LoadService: trying resourceFromLoadPath: '/opt/jruby/lib/ruby/shared/jruby/java/java_ext/java.util.regex.jar' false false
2013-06-19T19:29:58.757+08:00: LoadService: LoadService: trying resourceFromLoadPath: '/opt/jruby/lib/ruby/shared/jruby/java/java_ext/java.util.regex.jar.rb' false false
2013-06-19T19:29:58.757+08:00: LoadService: LoadService: trying resourceFromLoadPath: '/opt/jruby/lib/ruby/1.9/jruby/java/java_ext/java.util.regex.jar' false false
2013-06-19T19:29:58.757+08:00: LoadService: LoadService: trying resourceFromLoadPath: '/opt/jruby/lib/ruby/1.9/jruby/java/java_ext/java.util.regex.jar.rb' false false
2013-06-19T19:29:58.758+08:00: LoadService: LoadService: trying fileInClasspath: jruby/java/java_ext/java.util.regex.rb
2013-06-19T19:29:58.758+08:00: LoadService: LoadService: found: jar:file:/opt/jruby/lib/jruby.jar!/jruby/java/java_ext/java.util.regex.rb
2013-06-19T19:29:58.796+08:00: LoadService:           <- jruby/java/java_ext/java.util.regex - 41ms
2013-06-19T19:29:58.797+08:00: LoadService:           -> jruby/java/java_ext/java.io
2013-06-19T19:29:58.797+08:00: LoadService: LoadService: trying builtinLib: jruby/java/java_ext/java.io.rb
2013-06-19T19:29:58.797+08:00: LoadService: LoadService: trying builtinLib: jruby/java/java_ext/java.io.class
2013-06-19T19:29:58.798+08:00: LoadService: LoadService: trying resourceFromLoadPath: '/opt/jruby/lib/ruby/1.9/site_ruby/jruby/java/java_ext/java.io.rb' false false
2013-06-19T19:29:58.798+08:00: LoadService: LoadService: trying resourceFromLoadPath: '/opt/jruby/lib/ruby/1.9/site_ruby/jruby/java/java_ext/java.io.class' false false
2013-06-19T19:29:58.798+08:00: LoadService: LoadService: trying resourceFromLoadPath: '/opt/jruby/lib/ruby/shared/jruby/java/java_ext/java.io.rb' false false
2013-06-19T19:29:58.799+08:00: LoadService: LoadService: trying resourceFromLoadPath: '/opt/jruby/lib/ruby/shared/jruby/java/java_ext/java.io.class' false false
2013-06-19T19:29:58.799+08:00: LoadService: LoadService: trying resourceFromLoadPath: '/opt/jruby/lib/ruby/1.9/jruby/java/java_ext/java.io.rb' false false
2013-06-19T19:29:58.799+08:00: LoadService: LoadService: trying resourceFromLoadPath: '/opt/jruby/lib/ruby/1.9/jruby/java/java_ext/java.io.class' false false
2013-06-19T19:29:58.799+08:00: LoadService: LoadService: trying builtinLib: jruby/java/java_ext/java.io.jar
2013-06-19T19:29:58.800+08:00: LoadService: LoadService: trying builtinLib: jruby/java/java_ext/java.io.jar.rb
2013-06-19T19:29:58.800+08:00: LoadService: LoadService: trying resourceFromLoadPath: '/opt/jruby/lib/ruby/1.9/site_ruby/jruby/java/java_ext/java.io.jar' false false
2013-06-19T19:29:58.800+08:00: LoadService: LoadService: trying resourceFromLoadPath: '/opt/jruby/lib/ruby/1.9/site_ruby/jruby/java/java_ext/java.io.jar.rb' false false
2013-06-19T19:29:58.800+08:00: LoadService: LoadService: trying resourceFromLoadPath: '/opt/jruby/lib/ruby/shared/jruby/java/java_ext/java.io.jar' false false
2013-06-19T19:29:58.801+08:00: LoadService: LoadService: trying resourceFromLoadPath: '/opt/jruby/lib/ruby/shared/jruby/java/java_ext/java.io.jar.rb' false false
2013-06-19T19:29:58.801+08:00: LoadService: LoadService: trying resourceFromLoadPath: '/opt/jruby/lib/ruby/1.9/jruby/java/java_ext/java.io.jar' false false
2013-06-19T19:29:58.801+08:00: LoadService: LoadService: trying resourceFromLoadPath: '/opt/jruby/lib/ruby/1.9/jruby/java/java_ext/java.io.jar.rb' false false
2013-06-19T19:29:58.802+08:00: LoadService: LoadService: trying fileInClasspath: jruby/java/java_ext/java.io.rb
2013-06-19T19:29:58.802+08:00: LoadService: LoadService: found: jar:file:/opt/jruby/lib/jruby.jar!/jruby/java/java_ext/java.io.rb
2013-06-19T19:29:58.830+08:00: LoadService:           <- jruby/java/java_ext/java.io - 33ms
2013-06-19T19:29:58.830+08:00: LoadService:           -> jruby/java/java_ext/java.net
2013-06-19T19:29:58.831+08:00: LoadService: LoadService: trying builtinLib: jruby/java/java_ext/java.net.rb
2013-06-19T19:29:58.831+08:00: LoadService: LoadService: trying builtinLib: jruby/java/java_ext/java.net.class
2013-06-19T19:29:58.831+08:00: LoadService: LoadService: trying resourceFromLoadPath: '/opt/jruby/lib/ruby/1.9/site_ruby/jruby/java/java_ext/java.net.rb' false false
2013-06-19T19:29:58.831+08:00: LoadService: LoadService: trying resourceFromLoadPath: '/opt/jruby/lib/ruby/1.9/site_ruby/jruby/java/java_ext/java.net.class' false false
2013-06-19T19:29:58.832+08:00: LoadService: LoadService: trying resourceFromLoadPath: '/opt/jruby/lib/ruby/shared/jruby/java/java_ext/java.net.rb' false false
2013-06-19T19:29:58.832+08:00: LoadService: LoadService: trying resourceFromLoadPath: '/opt/jruby/lib/ruby/shared/jruby/java/java_ext/java.net.class' false false
2013-06-19T19:29:58.832+08:00: LoadService: LoadService: trying resourceFromLoadPath: '/opt/jruby/lib/ruby/1.9/jruby/java/java_ext/java.net.rb' false false
2013-06-19T19:29:58.833+08:00: LoadService: LoadService: trying resourceFromLoadPath: '/opt/jruby/lib/ruby/1.9/jruby/java/java_ext/java.net.class' false false
2013-06-19T19:29:58.858+08:00: LoadService: LoadService: trying builtinLib: jruby/java/java_ext/java.net.jar
2013-06-19T19:29:58.859+08:00: LoadService: LoadService: trying builtinLib: jruby/java/java_ext/java.net.jar.rb
2013-06-19T19:29:58.859+08:00: LoadService: LoadService: trying resourceFromLoadPath: '/opt/jruby/lib/ruby/1.9/site_ruby/jruby/java/java_ext/java.net.jar' false false
2013-06-19T19:29:58.860+08:00: LoadService: LoadService: trying resourceFromLoadPath: '/opt/jruby/lib/ruby/1.9/site_ruby/jruby/java/java_ext/java.net.jar.rb' false false
2013-06-19T19:29:58.860+08:00: LoadService: LoadService: trying resourceFromLoadPath: '/opt/jruby/lib/ruby/shared/jruby/java/java_ext/java.net.jar' false false
2013-06-19T19:29:58.861+08:00: LoadService: LoadService: trying resourceFromLoadPath: '/opt/jruby/lib/ruby/shared/jruby/java/java_ext/java.net.jar.rb' false false
2013-06-19T19:29:58.861+08:00: LoadService: LoadService: trying resourceFromLoadPath: '/opt/jruby/lib/ruby/1.9/jruby/java/java_ext/java.net.jar' false false
2013-06-19T19:29:58.861+08:00: LoadService: LoadService: trying resourceFromLoadPath: '/opt/jruby/lib/ruby/1.9/jruby/java/java_ext/java.net.jar.rb' false false
2013-06-19T19:29:58.862+08:00: LoadService: LoadService: trying fileInClasspath: jruby/java/java_ext/java.net.rb
2013-06-19T19:29:58.863+08:00: LoadService: LoadService: found: jar:file:/opt/jruby/lib/jruby.jar!/jruby/java/java_ext/java.net.rb
2013-06-19T19:29:58.889+08:00: LoadService:           <- jruby/java/java_ext/java.net - 59ms
2013-06-19T19:29:58.890+08:00: LoadService:           -> jruby/java/java_ext/org.jruby.ast
2013-06-19T19:29:58.891+08:00: LoadService: LoadService: trying builtinLib: jruby/java/java_ext/org.jruby.ast.rb
2013-06-19T19:29:58.891+08:00: LoadService: LoadService: trying builtinLib: jruby/java/java_ext/org.jruby.ast.class
2013-06-19T19:29:58.892+08:00: LoadService: LoadService: trying resourceFromLoadPath: '/opt/jruby/lib/ruby/1.9/site_ruby/jruby/java/java_ext/org.jruby.ast.rb' false false
2013-06-19T19:29:58.892+08:00: LoadService: LoadService: trying resourceFromLoadPath: '/opt/jruby/lib/ruby/1.9/site_ruby/jruby/java/java_ext/org.jruby.ast.class' false false
2013-06-19T19:29:58.892+08:00: LoadService: LoadService: trying resourceFromLoadPath: '/opt/jruby/lib/ruby/shared/jruby/java/java_ext/org.jruby.ast.rb' false false
2013-06-19T19:29:58.893+08:00: LoadService: LoadService: trying resourceFromLoadPath: '/opt/jruby/lib/ruby/shared/jruby/java/java_ext/org.jruby.ast.class' false false
2013-06-19T19:29:58.893+08:00: LoadService: LoadService: trying resourceFromLoadPath: '/opt/jruby/lib/ruby/1.9/jruby/java/java_ext/org.jruby.ast.rb' false false
2013-06-19T19:29:58.893+08:00: LoadService: LoadService: trying resourceFromLoadPath: '/opt/jruby/lib/ruby/1.9/jruby/java/java_ext/org.jruby.ast.class' false false
2013-06-19T19:29:58.893+08:00: LoadService: LoadService: trying builtinLib: jruby/java/java_ext/org.jruby.ast.jar
2013-06-19T19:29:58.893+08:00: LoadService: LoadService: trying builtinLib: jruby/java/java_ext/org.jruby.ast.jar.rb
2013-06-19T19:29:58.893+08:00: LoadService: LoadService: trying resourceFromLoadPath: '/opt/jruby/lib/ruby/1.9/site_ruby/jruby/java/java_ext/org.jruby.ast.jar' false false
2013-06-19T19:29:58.894+08:00: LoadService: LoadService: trying resourceFromLoadPath: '/opt/jruby/lib/ruby/1.9/site_ruby/jruby/java/java_ext/org.jruby.ast.jar.rb' false false
2013-06-19T19:29:58.894+08:00: LoadService: LoadService: trying resourceFromLoadPath: '/opt/jruby/lib/ruby/shared/jruby/java/java_ext/org.jruby.ast.jar' false false
2013-06-19T19:29:58.894+08:00: LoadService: LoadService: trying resourceFromLoadPath: '/opt/jruby/lib/ruby/shared/jruby/java/java_ext/org.jruby.ast.jar.rb' false false
2013-06-19T19:29:58.894+08:00: LoadService: LoadService: trying resourceFromLoadPath: '/opt/jruby/lib/ruby/1.9/jruby/java/java_ext/org.jruby.ast.jar' false false
2013-06-19T19:29:58.894+08:00: LoadService: LoadService: trying resourceFromLoadPath: '/opt/jruby/lib/ruby/1.9/jruby/java/java_ext/org.jruby.ast.jar.rb' false false
2013-06-19T19:29:58.894+08:00: LoadService: LoadService: trying fileInClasspath: jruby/java/java_ext/org.jruby.ast.rb
2013-06-19T19:29:58.895+08:00: LoadService: LoadService: found: jar:file:/opt/jruby/lib/jruby.jar!/jruby/java/java_ext/org.jruby.ast.rb
2013-06-19T19:29:58.922+08:00: LoadService:           <- jruby/java/java_ext/org.jruby.ast - 32ms
2013-06-19T19:29:58.923+08:00: LoadService:         <- jruby/java/java_ext - 406ms
2013-06-19T19:29:58.923+08:00: LoadService:       <- jruby/java - 780ms
2013-06-19T19:29:58.935+08:00: LoadService:     <- java - 879ms
2013-06-19T19:29:58.936+08:00: LoadService:     -> classloader:jruby/jruby.rb
2013-06-19T19:29:58.936+08:00: LoadService: LoadService: trying fileInClasspath: jruby/jruby.rb
2013-06-19T19:29:58.936+08:00: LoadService: LoadService: found: jar:file:/opt/jruby/lib/jruby.jar!/jruby/jruby.rb
2013-06-19T19:29:58.953+08:00: LoadService:     <- classloader:jruby/jruby.rb - 17ms
2013-06-19T19:29:58.957+08:00: LoadService:   <- jruby - 904ms
2013-06-19T19:29:58.957+08:00: LoadService:   -> classloader:jruby/kernel.rb
2013-06-19T19:29:58.957+08:00: LoadService: LoadService: trying fileInClasspath: jruby/kernel.rb
2013-06-19T19:29:58.957+08:00: LoadService: LoadService: found: jar:file:/opt/jruby/lib/jruby.jar!/jruby/kernel.rb
2013-06-19T19:29:58.959+08:00: LoadService:     -> jruby/kernel/jruby/generator.rb
2013-06-19T19:29:58.959+08:00: LoadService: LoadService: trying builtinLib: jruby/kernel/jruby/generator.rb
2013-06-19T19:29:58.959+08:00: LoadService: LoadService: trying builtinLib: jruby/kernel/jruby/generator.class
2013-06-19T19:29:58.959+08:00: LoadService: LoadService: trying builtinLib: jruby/kernel/jruby/generator.rb
2013-06-19T19:29:58.959+08:00: LoadService: LoadService: trying builtinLib: jruby/kernel/jruby/generator.class
2013-06-19T19:29:58.960+08:00: LoadService: LoadService: trying resourceFromLoadPath: '/opt/jruby/lib/ruby/1.9/site_ruby/jruby/kernel/jruby/generator.rb' false false
2013-06-19T19:29:58.960+08:00: LoadService: LoadService: trying resourceFromLoadPath: '/opt/jruby/lib/ruby/1.9/site_ruby/jruby/kernel/jruby/generator.class' false false
2013-06-19T19:29:58.960+08:00: LoadService: LoadService: trying resourceFromLoadPath: '/opt/jruby/lib/ruby/shared/jruby/kernel/jruby/generator.rb' false false
2013-06-19T19:29:58.960+08:00: LoadService: LoadService: trying resourceFromLoadPath: '/opt/jruby/lib/ruby/shared/jruby/kernel/jruby/generator.class' false false
2013-06-19T19:29:58.960+08:00: LoadService: LoadService: trying resourceFromLoadPath: '/opt/jruby/lib/ruby/1.9/jruby/kernel/jruby/generator.rb' false false
2013-06-19T19:29:58.960+08:00: LoadService: LoadService: trying resourceFromLoadPath: '/opt/jruby/lib/ruby/1.9/jruby/kernel/jruby/generator.class' false false
2013-06-19T19:29:58.961+08:00: LoadService: LoadService: trying fileInClasspath: jruby/kernel/jruby/generator.rb
2013-06-19T19:29:58.961+08:00: LoadService: LoadService: found: jar:file:/opt/jruby/lib/jruby.jar!/jruby/kernel/jruby/generator.rb
2013-06-19T19:29:59.000+08:00: LoadService:       -> thread
2013-06-19T19:29:59.001+08:00: LoadService: LoadService: trying builtinLib: thread.rb
2013-06-19T19:29:59.001+08:00: LoadService: LoadService: found builtinLib: thread.rb
2013-06-19T19:29:59.010+08:00: LoadService:       <- thread - 10ms
2013-06-19T19:29:59.025+08:00: LoadService:     <- jruby/kernel/jruby/generator.rb - 66ms
2013-06-19T19:29:59.026+08:00: LoadService:     -> jruby/kernel/jruby/type.rb
2013-06-19T19:29:59.026+08:00: LoadService: LoadService: trying builtinLib: jruby/kernel/jruby/type.rb
2013-06-19T19:29:59.026+08:00: LoadService: LoadService: trying builtinLib: jruby/kernel/jruby/type.class
2013-06-19T19:29:59.026+08:00: LoadService: LoadService: trying builtinLib: jruby/kernel/jruby/type.rb
2013-06-19T19:29:59.026+08:00: LoadService: LoadService: trying builtinLib: jruby/kernel/jruby/type.class
2013-06-19T19:29:59.027+08:00: LoadService: LoadService: trying resourceFromLoadPath: '/opt/jruby/lib/ruby/1.9/site_ruby/jruby/kernel/jruby/type.rb' false false
2013-06-19T19:29:59.027+08:00: LoadService: LoadService: trying resourceFromLoadPath: '/opt/jruby/lib/ruby/1.9/site_ruby/jruby/kernel/jruby/type.class' false false
2013-06-19T19:29:59.027+08:00: LoadService: LoadService: trying resourceFromLoadPath: '/opt/jruby/lib/ruby/shared/jruby/kernel/jruby/type.rb' false false
2013-06-19T19:29:59.028+08:00: LoadService: LoadService: trying resourceFromLoadPath: '/opt/jruby/lib/ruby/shared/jruby/kernel/jruby/type.class' false false
2013-06-19T19:29:59.028+08:00: LoadService: LoadService: trying resourceFromLoadPath: '/opt/jruby/lib/ruby/1.9/jruby/kernel/jruby/type.rb' false false
2013-06-19T19:29:59.028+08:00: LoadService: LoadService: trying resourceFromLoadPath: '/opt/jruby/lib/ruby/1.9/jruby/kernel/jruby/type.class' false false
2013-06-19T19:29:59.029+08:00: LoadService: LoadService: trying fileInClasspath: jruby/kernel/jruby/type.rb
2013-06-19T19:29:59.030+08:00: LoadService: LoadService: found: jar:file:/opt/jruby/lib/jruby.jar!/jruby/kernel/jruby/type.rb
2013-06-19T19:29:59.042+08:00: LoadService:     <- jruby/kernel/jruby/type.rb - 16ms
2013-06-19T19:29:59.042+08:00: LoadService:     -> jruby/kernel/signal.rb
2013-06-19T19:29:59.042+08:00: LoadService: LoadService: trying builtinLib: jruby/kernel/signal.rb
2013-06-19T19:29:59.043+08:00: LoadService: LoadService: trying builtinLib: jruby/kernel/signal.class
2013-06-19T19:29:59.043+08:00: LoadService: LoadService: trying builtinLib: jruby/kernel/signal.rb
2013-06-19T19:29:59.043+08:00: LoadService: LoadService: trying builtinLib: jruby/kernel/signal.class
2013-06-19T19:29:59.044+08:00: LoadService: LoadService: trying resourceFromLoadPath: '/opt/jruby/lib/ruby/1.9/site_ruby/jruby/kernel/signal.rb' false false
2013-06-19T19:29:59.044+08:00: LoadService: LoadService: trying resourceFromLoadPath: '/opt/jruby/lib/ruby/1.9/site_ruby/jruby/kernel/signal.class' false false
2013-06-19T19:29:59.045+08:00: LoadService: LoadService: trying resourceFromLoadPath: '/opt/jruby/lib/ruby/shared/jruby/kernel/signal.rb' false false
2013-06-19T19:29:59.045+08:00: LoadService: LoadService: trying resourceFromLoadPath: '/opt/jruby/lib/ruby/shared/jruby/kernel/signal.class' false false
2013-06-19T19:29:59.046+08:00: LoadService: LoadService: trying resourceFromLoadPath: '/opt/jruby/lib/ruby/1.9/jruby/kernel/signal.rb' false false
2013-06-19T19:29:59.046+08:00: LoadService: LoadService: trying resourceFromLoadPath: '/opt/jruby/lib/ruby/1.9/jruby/kernel/signal.class' false false
2013-06-19T19:29:59.047+08:00: LoadService: LoadService: trying fileInClasspath: jruby/kernel/signal.rb
2013-06-19T19:29:59.047+08:00: LoadService: LoadService: found: jar:file:/opt/jruby/lib/jruby.jar!/jruby/kernel/signal.rb
2013-06-19T19:29:59.109+08:00: LoadService:     <- jruby/kernel/signal.rb - 66ms
2013-06-19T19:29:59.110+08:00: LoadService:     -> jruby/kernel/jruby/process_manager.rb
2013-06-19T19:29:59.110+08:00: LoadService: LoadService: trying builtinLib: jruby/kernel/jruby/process_manager.rb
2013-06-19T19:29:59.110+08:00: LoadService: LoadService: trying builtinLib: jruby/kernel/jruby/process_manager.class
2013-06-19T19:29:59.110+08:00: LoadService: LoadService: trying builtinLib: jruby/kernel/jruby/process_manager.rb
2013-06-19T19:29:59.110+08:00: LoadService: LoadService: trying builtinLib: jruby/kernel/jruby/process_manager.class
2013-06-19T19:29:59.111+08:00: LoadService: LoadService: trying resourceFromLoadPath: '/opt/jruby/lib/ruby/1.9/site_ruby/jruby/kernel/jruby/process_manager.rb' false false
2013-06-19T19:29:59.111+08:00: LoadService: LoadService: trying resourceFromLoadPath: '/opt/jruby/lib/ruby/1.9/site_ruby/jruby/kernel/jruby/process_manager.class' false false
2013-06-19T19:29:59.111+08:00: LoadService: LoadService: trying resourceFromLoadPath: '/opt/jruby/lib/ruby/shared/jruby/kernel/jruby/process_manager.rb' false false
2013-06-19T19:29:59.111+08:00: LoadService: LoadService: trying resourceFromLoadPath: '/opt/jruby/lib/ruby/shared/jruby/kernel/jruby/process_manager.class' false false
2013-06-19T19:29:59.111+08:00: LoadService: LoadService: trying resourceFromLoadPath: '/opt/jruby/lib/ruby/1.9/jruby/kernel/jruby/process_manager.rb' false false
2013-06-19T19:29:59.112+08:00: LoadService: LoadService: trying resourceFromLoadPath: '/opt/jruby/lib/ruby/1.9/jruby/kernel/jruby/process_manager.class' false false
2013-06-19T19:29:59.112+08:00: LoadService: LoadService: trying fileInClasspath: jruby/kernel/jruby/process_manager.rb
2013-06-19T19:29:59.112+08:00: LoadService: LoadService: found: jar:file:/opt/jruby/lib/jruby.jar!/jruby/kernel/jruby/process_manager.rb
2013-06-19T19:29:59.333+08:00: LoadService:     <- jruby/kernel/jruby/process_manager.rb - 223ms
2013-06-19T19:29:59.333+08:00: LoadService:   <- classloader:jruby/kernel.rb - 376ms
2013-06-19T19:29:59.333+08:00: LoadService:   -> classloader:jruby/kernel19.rb
2013-06-19T19:29:59.333+08:00: LoadService: LoadService: trying fileInClasspath: jruby/kernel19.rb
2013-06-19T19:29:59.333+08:00: LoadService: LoadService: found: jar:file:/opt/jruby/lib/jruby.jar!/jruby/kernel19.rb
2013-06-19T19:29:59.336+08:00: LoadService:     -> thread.jar
2013-06-19T19:29:59.336+08:00: LoadService: LoadService: trying builtinLib: thread.jar
2013-06-19T19:29:59.336+08:00: LoadService: LoadService: found builtinLib: thread.jar
2013-06-19T19:29:59.337+08:00: LoadService:     <- thread.jar - 1ms
2013-06-19T19:29:59.337+08:00: LoadService:     -> jruby/kernel19/thread.rb
2013-06-19T19:29:59.337+08:00: LoadService: LoadService: trying builtinLib: jruby/kernel19/thread.rb
2013-06-19T19:29:59.337+08:00: LoadService: LoadService: trying builtinLib: jruby/kernel19/thread.class
2013-06-19T19:29:59.338+08:00: LoadService: LoadService: trying builtinLib: jruby/kernel19/thread.rb
2013-06-19T19:29:59.338+08:00: LoadService: LoadService: trying builtinLib: jruby/kernel19/thread.class
2013-06-19T19:29:59.338+08:00: LoadService: LoadService: trying resourceFromLoadPath: '/opt/jruby/lib/ruby/1.9/site_ruby/jruby/kernel19/thread.rb' false false
2013-06-19T19:29:59.338+08:00: LoadService: LoadService: trying resourceFromLoadPath: '/opt/jruby/lib/ruby/1.9/site_ruby/jruby/kernel19/thread.class' false false
2013-06-19T19:29:59.338+08:00: LoadService: LoadService: trying resourceFromLoadPath: '/opt/jruby/lib/ruby/shared/jruby/kernel19/thread.rb' false false
2013-06-19T19:29:59.338+08:00: LoadService: LoadService: trying resourceFromLoadPath: '/opt/jruby/lib/ruby/shared/jruby/kernel19/thread.class' false false
2013-06-19T19:29:59.338+08:00: LoadService: LoadService: trying resourceFromLoadPath: '/opt/jruby/lib/ruby/1.9/jruby/kernel19/thread.rb' false false
2013-06-19T19:29:59.338+08:00: LoadService: LoadService: trying resourceFromLoadPath: '/opt/jruby/lib/ruby/1.9/jruby/kernel19/thread.class' false false
2013-06-19T19:29:59.339+08:00: LoadService: LoadService: trying fileInClasspath: jruby/kernel19/thread.rb
2013-06-19T19:29:59.339+08:00: LoadService: LoadService: found: jar:file:/opt/jruby/lib/jruby.jar!/jruby/kernel19/thread.rb
2013-06-19T19:29:59.340+08:00: LoadService:     <- jruby/kernel19/thread.rb - 3ms
2013-06-19T19:29:59.340+08:00: LoadService:     -> jruby/kernel19/kernel.rb
2013-06-19T19:29:59.340+08:00: LoadService: LoadService: trying builtinLib: jruby/kernel19/kernel.rb
2013-06-19T19:29:59.340+08:00: LoadService: LoadService: trying builtinLib: jruby/kernel19/kernel.class
2013-06-19T19:29:59.340+08:00: LoadService: LoadService: trying builtinLib: jruby/kernel19/kernel.rb
2013-06-19T19:29:59.340+08:00: LoadService: LoadService: trying builtinLib: jruby/kernel19/kernel.class
2013-06-19T19:29:59.340+08:00: LoadService: LoadService: trying resourceFromLoadPath: '/opt/jruby/lib/ruby/1.9/site_ruby/jruby/kernel19/kernel.rb' false false
2013-06-19T19:29:59.341+08:00: LoadService: LoadService: trying resourceFromLoadPath: '/opt/jruby/lib/ruby/1.9/site_ruby/jruby/kernel19/kernel.class' false false
2013-06-19T19:29:59.341+08:00: LoadService: LoadService: trying resourceFromLoadPath: '/opt/jruby/lib/ruby/shared/jruby/kernel19/kernel.rb' false false
2013-06-19T19:29:59.341+08:00: LoadService: LoadService: trying resourceFromLoadPath: '/opt/jruby/lib/ruby/shared/jruby/kernel19/kernel.class' false false
2013-06-19T19:29:59.341+08:00: LoadService: LoadService: trying resourceFromLoadPath: '/opt/jruby/lib/ruby/1.9/jruby/kernel19/kernel.rb' false false
2013-06-19T19:29:59.341+08:00: LoadService: LoadService: trying resourceFromLoadPath: '/opt/jruby/lib/ruby/1.9/jruby/kernel19/kernel.class' false false
2013-06-19T19:29:59.341+08:00: LoadService: LoadService: trying fileInClasspath: jruby/kernel19/kernel.rb
2013-06-19T19:29:59.341+08:00: LoadService: LoadService: found: jar:file:/opt/jruby/lib/jruby.jar!/jruby/kernel19/kernel.rb
2013-06-19T19:29:59.356+08:00: LoadService:     <- jruby/kernel19/kernel.rb - 16ms
2013-06-19T19:29:59.356+08:00: LoadService:     -> jruby/kernel19/proc.rb
2013-06-19T19:29:59.357+08:00: LoadService: LoadService: trying builtinLib: jruby/kernel19/proc.rb
2013-06-19T19:29:59.357+08:00: LoadService: LoadService: trying builtinLib: jruby/kernel19/proc.class
2013-06-19T19:29:59.357+08:00: LoadService: LoadService: trying builtinLib: jruby/kernel19/proc.rb
2013-06-19T19:29:59.357+08:00: LoadService: LoadService: trying builtinLib: jruby/kernel19/proc.class
2013-06-19T19:29:59.357+08:00: LoadService: LoadService: trying resourceFromLoadPath: '/opt/jruby/lib/ruby/1.9/site_ruby/jruby/kernel19/proc.rb' false false
2013-06-19T19:29:59.357+08:00: LoadService: LoadService: trying resourceFromLoadPath: '/opt/jruby/lib/ruby/1.9/site_ruby/jruby/kernel19/proc.class' false false
2013-06-19T19:29:59.358+08:00: LoadService: LoadService: trying resourceFromLoadPath: '/opt/jruby/lib/ruby/shared/jruby/kernel19/proc.rb' false false
2013-06-19T19:29:59.358+08:00: LoadService: LoadService: trying resourceFromLoadPath: '/opt/jruby/lib/ruby/shared/jruby/kernel19/proc.class' false false
2013-06-19T19:29:59.358+08:00: LoadService: LoadService: trying resourceFromLoadPath: '/opt/jruby/lib/ruby/1.9/jruby/kernel19/proc.rb' false false
2013-06-19T19:29:59.358+08:00: LoadService: LoadService: trying resourceFromLoadPath: '/opt/jruby/lib/ruby/1.9/jruby/kernel19/proc.class' false false
2013-06-19T19:29:59.358+08:00: LoadService: LoadService: trying fileInClasspath: jruby/kernel19/proc.rb
2013-06-19T19:29:59.359+08:00: LoadService: LoadService: found: jar:file:/opt/jruby/lib/jruby.jar!/jruby/kernel19/proc.rb
2013-06-19T19:29:59.363+08:00: LoadService:     <- jruby/kernel19/proc.rb - 6ms
2013-06-19T19:29:59.363+08:00: LoadService:     -> jruby/kernel19/process.rb
2013-06-19T19:29:59.363+08:00: LoadService: LoadService: trying builtinLib: jruby/kernel19/process.rb
2013-06-19T19:29:59.363+08:00: LoadService: LoadService: trying builtinLib: jruby/kernel19/process.class
2013-06-19T19:29:59.363+08:00: LoadService: LoadService: trying builtinLib: jruby/kernel19/process.rb
2013-06-19T19:29:59.363+08:00: LoadService: LoadService: trying builtinLib: jruby/kernel19/process.class
2013-06-19T19:29:59.364+08:00: LoadService: LoadService: trying resourceFromLoadPath: '/opt/jruby/lib/ruby/1.9/site_ruby/jruby/kernel19/process.rb' false false
2013-06-19T19:29:59.364+08:00: LoadService: LoadService: trying resourceFromLoadPath: '/opt/jruby/lib/ruby/1.9/site_ruby/jruby/kernel19/process.class' false false
2013-06-19T19:29:59.364+08:00: LoadService: LoadService: trying resourceFromLoadPath: '/opt/jruby/lib/ruby/shared/jruby/kernel19/process.rb' false false
2013-06-19T19:29:59.364+08:00: LoadService: LoadService: trying resourceFromLoadPath: '/opt/jruby/lib/ruby/shared/jruby/kernel19/process.class' false false
2013-06-19T19:29:59.364+08:00: LoadService: LoadService: trying resourceFromLoadPath: '/opt/jruby/lib/ruby/1.9/jruby/kernel19/process.rb' false false
2013-06-19T19:29:59.365+08:00: LoadService: LoadService: trying resourceFromLoadPath: '/opt/jruby/lib/ruby/1.9/jruby/kernel19/process.class' false false
2013-06-19T19:29:59.365+08:00: LoadService: LoadService: trying fileInClasspath: jruby/kernel19/process.rb
2013-06-19T19:29:59.365+08:00: LoadService: LoadService: found: jar:file:/opt/jruby/lib/jruby.jar!/jruby/kernel19/process.rb
2013-06-19T19:29:59.366+08:00: LoadService:     <- jruby/kernel19/process.rb - 3ms
2013-06-19T19:29:59.366+08:00: LoadService:     -> jruby/kernel19/jruby/process_util.rb
2013-06-19T19:29:59.366+08:00: LoadService: LoadService: trying builtinLib: jruby/kernel19/jruby/process_util.rb
2013-06-19T19:29:59.366+08:00: LoadService: LoadService: trying builtinLib: jruby/kernel19/jruby/process_util.class
2013-06-19T19:29:59.367+08:00: LoadService: LoadService: trying builtinLib: jruby/kernel19/jruby/process_util.rb
2013-06-19T19:29:59.367+08:00: LoadService: LoadService: trying builtinLib: jruby/kernel19/jruby/process_util.class
2013-06-19T19:29:59.367+08:00: LoadService: LoadService: trying resourceFromLoadPath: '/opt/jruby/lib/ruby/1.9/site_ruby/jruby/kernel19/jruby/process_util.rb' false false
2013-06-19T19:29:59.367+08:00: LoadService: LoadService: trying resourceFromLoadPath: '/opt/jruby/lib/ruby/1.9/site_ruby/jruby/kernel19/jruby/process_util.class' false false
2013-06-19T19:29:59.367+08:00: LoadService: LoadService: trying resourceFromLoadPath: '/opt/jruby/lib/ruby/shared/jruby/kernel19/jruby/process_util.rb' false false
2013-06-19T19:29:59.367+08:00: LoadService: LoadService: trying resourceFromLoadPath: '/opt/jruby/lib/ruby/shared/jruby/kernel19/jruby/process_util.class' false false
2013-06-19T19:29:59.368+08:00: LoadService: LoadService: trying resourceFromLoadPath: '/opt/jruby/lib/ruby/1.9/jruby/kernel19/jruby/process_util.rb' false false
2013-06-19T19:29:59.368+08:00: LoadService: LoadService: trying resourceFromLoadPath: '/opt/jruby/lib/ruby/1.9/jruby/kernel19/jruby/process_util.class' false false
2013-06-19T19:29:59.368+08:00: LoadService: LoadService: trying fileInClasspath: jruby/kernel19/jruby/process_util.rb
2013-06-19T19:29:59.368+08:00: LoadService: LoadService: found: jar:file:/opt/jruby/lib/jruby.jar!/jruby/kernel19/jruby/process_util.rb
2013-06-19T19:29:59.373+08:00: LoadService:     <- jruby/kernel19/jruby/process_util.rb - 7ms
2013-06-19T19:29:59.373+08:00: LoadService:     -> jruby/kernel19/jruby/type.rb
2013-06-19T19:29:59.373+08:00: LoadService: LoadService: trying builtinLib: jruby/kernel19/jruby/type.rb
2013-06-19T19:29:59.373+08:00: LoadService: LoadService: trying builtinLib: jruby/kernel19/jruby/type.class
2013-06-19T19:29:59.395+08:00: LoadService: LoadService: trying builtinLib: jruby/kernel19/jruby/type.rb
2013-06-19T19:29:59.395+08:00: LoadService: LoadService: trying builtinLib: jruby/kernel19/jruby/type.class
2013-06-19T19:29:59.396+08:00: LoadService: LoadService: trying resourceFromLoadPath: '/opt/jruby/lib/ruby/1.9/site_ruby/jruby/kernel19/jruby/type.rb' false false
2013-06-19T19:29:59.396+08:00: LoadService: LoadService: trying resourceFromLoadPath: '/opt/jruby/lib/ruby/1.9/site_ruby/jruby/kernel19/jruby/type.class' false false
2013-06-19T19:29:59.396+08:00: LoadService: LoadService: trying resourceFromLoadPath: '/opt/jruby/lib/ruby/shared/jruby/kernel19/jruby/type.rb' false false
2013-06-19T19:29:59.396+08:00: LoadService: LoadService: trying resourceFromLoadPath: '/opt/jruby/lib/ruby/shared/jruby/kernel19/jruby/type.class' false false
2013-06-19T19:29:59.396+08:00: LoadService: LoadService: trying resourceFromLoadPath: '/opt/jruby/lib/ruby/1.9/jruby/kernel19/jruby/type.rb' false false
2013-06-19T19:29:59.397+08:00: LoadService: LoadService: trying resourceFromLoadPath: '/opt/jruby/lib/ruby/1.9/jruby/kernel19/jruby/type.class' false false
2013-06-19T19:29:59.397+08:00: LoadService: LoadService: trying fileInClasspath: jruby/kernel19/jruby/type.rb
2013-06-19T19:29:59.397+08:00: LoadService: LoadService: found: jar:file:/opt/jruby/lib/jruby.jar!/jruby/kernel19/jruby/type.rb
2013-06-19T19:29:59.399+08:00: LoadService:     <- jruby/kernel19/jruby/type.rb - 26ms
2013-06-19T19:29:59.399+08:00: LoadService:     -> jruby/kernel19/enumerator.rb
2013-06-19T19:29:59.399+08:00: LoadService: LoadService: trying builtinLib: jruby/kernel19/enumerator.rb
2013-06-19T19:29:59.399+08:00: LoadService: LoadService: trying builtinLib: jruby/kernel19/enumerator.class
2013-06-19T19:29:59.400+08:00: LoadService: LoadService: trying builtinLib: jruby/kernel19/enumerator.rb
2013-06-19T19:29:59.400+08:00: LoadService: LoadService: trying builtinLib: jruby/kernel19/enumerator.class
2013-06-19T19:29:59.400+08:00: LoadService: LoadService: trying resourceFromLoadPath: '/opt/jruby/lib/ruby/1.9/site_ruby/jruby/kernel19/enumerator.rb' false false
2013-06-19T19:29:59.400+08:00: LoadService: LoadService: trying resourceFromLoadPath: '/opt/jruby/lib/ruby/1.9/site_ruby/jruby/kernel19/enumerator.class' false false
2013-06-19T19:29:59.400+08:00: LoadService: LoadService: trying resourceFromLoadPath: '/opt/jruby/lib/ruby/shared/jruby/kernel19/enumerator.rb' false false
2013-06-19T19:29:59.400+08:00: LoadService: LoadService: trying resourceFromLoadPath: '/opt/jruby/lib/ruby/shared/jruby/kernel19/enumerator.class' false false
2013-06-19T19:29:59.401+08:00: LoadService: LoadService: trying resourceFromLoadPath: '/opt/jruby/lib/ruby/1.9/jruby/kernel19/enumerator.rb' false false
2013-06-19T19:29:59.401+08:00: LoadService: LoadService: trying resourceFromLoadPath: '/opt/jruby/lib/ruby/1.9/jruby/kernel19/enumerator.class' false false
2013-06-19T19:29:59.401+08:00: LoadService: LoadService: trying fileInClasspath: jruby/kernel19/enumerator.rb
2013-06-19T19:29:59.401+08:00: LoadService: LoadService: found: jar:file:/opt/jruby/lib/jruby.jar!/jruby/kernel19/enumerator.rb
2013-06-19T19:29:59.403+08:00: LoadService:     <- jruby/kernel19/enumerator.rb - 4ms
2013-06-19T19:29:59.403+08:00: LoadService:     -> jruby/kernel19/enumerable.rb
2013-06-19T19:29:59.403+08:00: LoadService: LoadService: trying builtinLib: jruby/kernel19/enumerable.rb
2013-06-19T19:29:59.403+08:00: LoadService: LoadService: trying builtinLib: jruby/kernel19/enumerable.class
2013-06-19T19:29:59.403+08:00: LoadService: LoadService: trying builtinLib: jruby/kernel19/enumerable.rb
2013-06-19T19:29:59.403+08:00: LoadService: LoadService: trying builtinLib: jruby/kernel19/enumerable.class
2013-06-19T19:29:59.404+08:00: LoadService: LoadService: trying resourceFromLoadPath: '/opt/jruby/lib/ruby/1.9/site_ruby/jruby/kernel19/enumerable.rb' false false
2013-06-19T19:29:59.404+08:00: LoadService: LoadService: trying resourceFromLoadPath: '/opt/jruby/lib/ruby/1.9/site_ruby/jruby/kernel19/enumerable.class' false false
2013-06-19T19:29:59.404+08:00: LoadService: LoadService: trying resourceFromLoadPath: '/opt/jruby/lib/ruby/shared/jruby/kernel19/enumerable.rb' false false
2013-06-19T19:29:59.440+08:00: LoadService: LoadService: trying resourceFromLoadPath: '/opt/jruby/lib/ruby/shared/jruby/kernel19/enumerable.class' false false
2013-06-19T19:29:59.440+08:00: LoadService: LoadService: trying resourceFromLoadPath: '/opt/jruby/lib/ruby/1.9/jruby/kernel19/enumerable.rb' false false
2013-06-19T19:29:59.440+08:00: LoadService: LoadService: trying resourceFromLoadPath: '/opt/jruby/lib/ruby/1.9/jruby/kernel19/enumerable.class' false false
2013-06-19T19:29:59.440+08:00: LoadService: LoadService: trying fileInClasspath: jruby/kernel19/enumerable.rb
2013-06-19T19:29:59.441+08:00: LoadService: LoadService: found: jar:file:/opt/jruby/lib/jruby.jar!/jruby/kernel19/enumerable.rb
2013-06-19T19:29:59.444+08:00: LoadService:     <- jruby/kernel19/enumerable.rb - 41ms
2013-06-19T19:29:59.445+08:00: LoadService:     -> jruby/kernel19/io.rb
2013-06-19T19:29:59.445+08:00: LoadService: LoadService: trying builtinLib: jruby/kernel19/io.rb
2013-06-19T19:29:59.445+08:00: LoadService: LoadService: trying builtinLib: jruby/kernel19/io.class
2013-06-19T19:29:59.445+08:00: LoadService: LoadService: trying builtinLib: jruby/kernel19/io.rb
2013-06-19T19:29:59.445+08:00: LoadService: LoadService: trying builtinLib: jruby/kernel19/io.class
2013-06-19T19:29:59.445+08:00: LoadService: LoadService: trying resourceFromLoadPath: '/opt/jruby/lib/ruby/1.9/site_ruby/jruby/kernel19/io.rb' false false
2013-06-19T19:29:59.446+08:00: LoadService: LoadService: trying resourceFromLoadPath: '/opt/jruby/lib/ruby/1.9/site_ruby/jruby/kernel19/io.class' false false
2013-06-19T19:29:59.446+08:00: LoadService: LoadService: trying resourceFromLoadPath: '/opt/jruby/lib/ruby/shared/jruby/kernel19/io.rb' false false
2013-06-19T19:29:59.446+08:00: LoadService: LoadService: trying resourceFromLoadPath: '/opt/jruby/lib/ruby/shared/jruby/kernel19/io.class' false false
2013-06-19T19:29:59.446+08:00: LoadService: LoadService: trying resourceFromLoadPath: '/opt/jruby/lib/ruby/1.9/jruby/kernel19/io.rb' false false
2013-06-19T19:29:59.446+08:00: LoadService: LoadService: trying resourceFromLoadPath: '/opt/jruby/lib/ruby/1.9/jruby/kernel19/io.class' false false
2013-06-19T19:29:59.447+08:00: LoadService: LoadService: trying fileInClasspath: jruby/kernel19/io.rb
2013-06-19T19:29:59.447+08:00: LoadService: LoadService: found: jar:file:/opt/jruby/lib/jruby.jar!/jruby/kernel19/io.rb
2013-06-19T19:29:59.449+08:00: LoadService:     <- jruby/kernel19/io.rb - 4ms
2013-06-19T19:29:59.450+08:00: LoadService:     -> jruby/kernel19/time.rb
2013-06-19T19:29:59.450+08:00: LoadService: LoadService: trying builtinLib: jruby/kernel19/time.rb
2013-06-19T19:29:59.450+08:00: LoadService: LoadService: trying builtinLib: jruby/kernel19/time.class
2013-06-19T19:29:59.450+08:00: LoadService: LoadService: trying builtinLib: jruby/kernel19/time.rb
2013-06-19T19:29:59.450+08:00: LoadService: LoadService: trying builtinLib: jruby/kernel19/time.class
2013-06-19T19:29:59.450+08:00: LoadService: LoadService: trying resourceFromLoadPath: '/opt/jruby/lib/ruby/1.9/site_ruby/jruby/kernel19/time.rb' false false
2013-06-19T19:29:59.450+08:00: LoadService: LoadService: trying resourceFromLoadPath: '/opt/jruby/lib/ruby/1.9/site_ruby/jruby/kernel19/time.class' false false
2013-06-19T19:29:59.450+08:00: LoadService: LoadService: trying resourceFromLoadPath: '/opt/jruby/lib/ruby/shared/jruby/kernel19/time.rb' false false
2013-06-19T19:29:59.451+08:00: LoadService: LoadService: trying resourceFromLoadPath: '/opt/jruby/lib/ruby/shared/jruby/kernel19/time.class' false false
2013-06-19T19:29:59.451+08:00: LoadService: LoadService: trying resourceFromLoadPath: '/opt/jruby/lib/ruby/1.9/jruby/kernel19/time.rb' false false
2013-06-19T19:29:59.451+08:00: LoadService: LoadService: trying resourceFromLoadPath: '/opt/jruby/lib/ruby/1.9/jruby/kernel19/time.class' false false
2013-06-19T19:29:59.451+08:00: LoadService: LoadService: trying fileInClasspath: jruby/kernel19/time.rb
2013-06-19T19:29:59.451+08:00: LoadService: LoadService: found: jar:file:/opt/jruby/lib/jruby.jar!/jruby/kernel19/time.rb
2013-06-19T19:29:59.453+08:00: LoadService:     <- jruby/kernel19/time.rb - 3ms
2013-06-19T19:29:59.453+08:00: LoadService:     -> jruby/kernel19/gc.rb
2013-06-19T19:29:59.453+08:00: LoadService: LoadService: trying builtinLib: jruby/kernel19/gc.rb
2013-06-19T19:29:59.453+08:00: LoadService: LoadService: trying builtinLib: jruby/kernel19/gc.class
2013-06-19T19:29:59.454+08:00: LoadService: LoadService: trying builtinLib: jruby/kernel19/gc.rb
2013-06-19T19:29:59.454+08:00: LoadService: LoadService: trying builtinLib: jruby/kernel19/gc.class
2013-06-19T19:29:59.454+08:00: LoadService: LoadService: trying resourceFromLoadPath: '/opt/jruby/lib/ruby/1.9/site_ruby/jruby/kernel19/gc.rb' false false
2013-06-19T19:29:59.454+08:00: LoadService: LoadService: trying resourceFromLoadPath: '/opt/jruby/lib/ruby/1.9/site_ruby/jruby/kernel19/gc.class' false false
2013-06-19T19:29:59.454+08:00: LoadService: LoadService: trying resourceFromLoadPath: '/opt/jruby/lib/ruby/shared/jruby/kernel19/gc.rb' false false
2013-06-19T19:29:59.454+08:00: LoadService: LoadService: trying resourceFromLoadPath: '/opt/jruby/lib/ruby/shared/jruby/kernel19/gc.class' false false
2013-06-19T19:29:59.455+08:00: LoadService: LoadService: trying resourceFromLoadPath: '/opt/jruby/lib/ruby/1.9/jruby/kernel19/gc.rb' false false
2013-06-19T19:29:59.455+08:00: LoadService: LoadService: trying resourceFromLoadPath: '/opt/jruby/lib/ruby/1.9/jruby/kernel19/gc.class' false false
2013-06-19T19:29:59.455+08:00: LoadService: LoadService: trying fileInClasspath: jruby/kernel19/gc.rb
2013-06-19T19:29:59.455+08:00: LoadService: LoadService: found: jar:file:/opt/jruby/lib/jruby.jar!/jruby/kernel19/gc.rb
2013-06-19T19:29:59.493+08:00: LoadService:     <- jruby/kernel19/gc.rb - 40ms
2013-06-19T19:29:59.493+08:00: LoadService:     -> jruby/kernel19/encoding/converter.rb
2013-06-19T19:29:59.493+08:00: LoadService: LoadService: trying builtinLib: jruby/kernel19/encoding/converter.rb
2013-06-19T19:29:59.494+08:00: LoadService: LoadService: trying builtinLib: jruby/kernel19/encoding/converter.class
2013-06-19T19:29:59.494+08:00: LoadService: LoadService: trying builtinLib: jruby/kernel19/encoding/converter.rb
2013-06-19T19:29:59.494+08:00: LoadService: LoadService: trying builtinLib: jruby/kernel19/encoding/converter.class
2013-06-19T19:29:59.495+08:00: LoadService: LoadService: trying resourceFromLoadPath: '/opt/jruby/lib/ruby/1.9/site_ruby/jruby/kernel19/encoding/converter.rb' false false
2013-06-19T19:29:59.495+08:00: LoadService: LoadService: trying resourceFromLoadPath: '/opt/jruby/lib/ruby/1.9/site_ruby/jruby/kernel19/encoding/converter.class' false false
2013-06-19T19:29:59.496+08:00: LoadService: LoadService: trying resourceFromLoadPath: '/opt/jruby/lib/ruby/shared/jruby/kernel19/encoding/converter.rb' false false
2013-06-19T19:29:59.496+08:00: LoadService: LoadService: trying resourceFromLoadPath: '/opt/jruby/lib/ruby/shared/jruby/kernel19/encoding/converter.class' false false
2013-06-19T19:29:59.496+08:00: LoadService: LoadService: trying resourceFromLoadPath: '/opt/jruby/lib/ruby/1.9/jruby/kernel19/encoding/converter.rb' false false
2013-06-19T19:29:59.497+08:00: LoadService: LoadService: trying resourceFromLoadPath: '/opt/jruby/lib/ruby/1.9/jruby/kernel19/encoding/converter.class' false false
2013-06-19T19:29:59.497+08:00: LoadService: LoadService: trying fileInClasspath: jruby/kernel19/encoding/converter.rb
2013-06-19T19:29:59.498+08:00: LoadService: LoadService: found: jar:file:/opt/jruby/lib/jruby.jar!/jruby/kernel19/encoding/converter.rb
2013-06-19T19:29:59.500+08:00: LoadService:     <- jruby/kernel19/encoding/converter.rb - 7ms
2013-06-19T19:29:59.500+08:00: LoadService:     -> jruby/kernel19/rubygems.rb
2013-06-19T19:29:59.500+08:00: LoadService: LoadService: trying builtinLib: jruby/kernel19/rubygems.rb
2013-06-19T19:29:59.500+08:00: LoadService: LoadService: trying builtinLib: jruby/kernel19/rubygems.class
2013-06-19T19:29:59.501+08:00: LoadService: LoadService: trying builtinLib: jruby/kernel19/rubygems.rb
2013-06-19T19:29:59.501+08:00: LoadService: LoadService: trying builtinLib: jruby/kernel19/rubygems.class
2013-06-19T19:29:59.501+08:00: LoadService: LoadService: trying resourceFromLoadPath: '/opt/jruby/lib/ruby/1.9/site_ruby/jruby/kernel19/rubygems.rb' false false
2013-06-19T19:29:59.501+08:00: LoadService: LoadService: trying resourceFromLoadPath: '/opt/jruby/lib/ruby/1.9/site_ruby/jruby/kernel19/rubygems.class' false false
2013-06-19T19:29:59.501+08:00: LoadService: LoadService: trying resourceFromLoadPath: '/opt/jruby/lib/ruby/shared/jruby/kernel19/rubygems.rb' false false
2013-06-19T19:29:59.502+08:00: LoadService: LoadService: trying resourceFromLoadPath: '/opt/jruby/lib/ruby/shared/jruby/kernel19/rubygems.class' false false
2013-06-19T19:29:59.502+08:00: LoadService: LoadService: trying resourceFromLoadPath: '/opt/jruby/lib/ruby/1.9/jruby/kernel19/rubygems.rb' false false
2013-06-19T19:29:59.502+08:00: LoadService: LoadService: trying resourceFromLoadPath: '/opt/jruby/lib/ruby/1.9/jruby/kernel19/rubygems.class' false false
2013-06-19T19:29:59.502+08:00: LoadService: LoadService: trying fileInClasspath: jruby/kernel19/rubygems.rb
2013-06-19T19:29:59.503+08:00: LoadService: LoadService: found: jar:file:/opt/jruby/lib/jruby.jar!/jruby/kernel19/rubygems.rb
2013-06-19T19:29:59.505+08:00: LoadService:       -> rubygems
2013-06-19T19:29:59.505+08:00: LoadService: LoadService: trying builtinLib: rubygems.rb
2013-06-19T19:29:59.505+08:00: LoadService: LoadService: trying builtinLib: rubygems.class
2013-06-19T19:29:59.506+08:00: LoadService: LoadService: trying resourceFromLoadPath: '/opt/jruby/lib/ruby/1.9/site_ruby/rubygems.rb' false false
2013-06-19T19:29:59.506+08:00: LoadService: LoadService: trying resourceFromLoadPath: '/opt/jruby/lib/ruby/1.9/site_ruby/rubygems.class' false false
2013-06-19T19:29:59.506+08:00: LoadService: LoadService: trying resourceFromLoadPath: '/opt/jruby/lib/ruby/shared/rubygems.rb' true true
2013-06-19T19:29:59.506+08:00: LoadService: LoadService: found: file:/opt/jruby/lib/ruby/shared/rubygems.rb
2013-06-19T19:29:59.565+08:00: LoadService:         -> rubygems/defaults
2013-06-19T19:29:59.566+08:00: LoadService: LoadService: trying builtinLib: rubygems/defaults.rb
2013-06-19T19:29:59.566+08:00: LoadService: LoadService: trying builtinLib: rubygems/defaults.class
2013-06-19T19:29:59.566+08:00: LoadService: LoadService: trying resourceFromLoadPath: '/opt/jruby/lib/ruby/1.9/site_ruby/rubygems/defaults.rb' false false
2013-06-19T19:29:59.566+08:00: LoadService: LoadService: trying resourceFromLoadPath: '/opt/jruby/lib/ruby/1.9/site_ruby/rubygems/defaults.class' false false
2013-06-19T19:29:59.566+08:00: LoadService: LoadService: trying resourceFromLoadPath: '/opt/jruby/lib/ruby/shared/rubygems/defaults.rb' true true
2013-06-19T19:29:59.567+08:00: LoadService: LoadService: found: file:/opt/jruby/lib/ruby/shared/rubygems/defaults.rb
2013-06-19T19:29:59.573+08:00: LoadService:         <- rubygems/defaults - 8ms
2013-06-19T19:29:59.573+08:00: LoadService:         -> rbconfig
2013-06-19T19:29:59.574+08:00: LoadService: LoadService: trying builtinLib: rbconfig.rb
2013-06-19T19:29:59.574+08:00: LoadService: LoadService: found builtinLib: rbconfig.rb
2013-06-19T19:29:59.590+08:00: LoadService:           -> jruby/kernel/rbconfig.rb
2013-06-19T19:29:59.591+08:00: LoadService: LoadService: trying builtinLib: jruby/kernel/rbconfig.rb
2013-06-19T19:29:59.591+08:00: LoadService: LoadService: trying builtinLib: jruby/kernel/rbconfig.class
2013-06-19T19:29:59.591+08:00: LoadService: LoadService: trying builtinLib: jruby/kernel/rbconfig.rb
2013-06-19T19:29:59.591+08:00: LoadService: LoadService: trying builtinLib: jruby/kernel/rbconfig.class
2013-06-19T19:29:59.591+08:00: LoadService: LoadService: trying resourceFromLoadPath: '/opt/jruby/lib/ruby/1.9/site_ruby/jruby/kernel/rbconfig.rb' false false
2013-06-19T19:29:59.591+08:00: LoadService: LoadService: trying resourceFromLoadPath: '/opt/jruby/lib/ruby/1.9/site_ruby/jruby/kernel/rbconfig.class' false false
2013-06-19T19:29:59.591+08:00: LoadService: LoadService: trying resourceFromLoadPath: '/opt/jruby/lib/ruby/shared/jruby/kernel/rbconfig.rb' false false
2013-06-19T19:29:59.591+08:00: LoadService: LoadService: trying resourceFromLoadPath: '/opt/jruby/lib/ruby/shared/jruby/kernel/rbconfig.class' false false
2013-06-19T19:29:59.592+08:00: LoadService: LoadService: trying resourceFromLoadPath: '/opt/jruby/lib/ruby/1.9/jruby/kernel/rbconfig.rb' false false
2013-06-19T19:29:59.592+08:00: LoadService: LoadService: trying resourceFromLoadPath: '/opt/jruby/lib/ruby/1.9/jruby/kernel/rbconfig.class' false false
2013-06-19T19:29:59.592+08:00: LoadService: LoadService: trying fileInClasspath: jruby/kernel/rbconfig.rb
2013-06-19T19:29:59.592+08:00: LoadService: LoadService: found: jar:file:/opt/jruby/lib/jruby.jar!/jruby/kernel/rbconfig.rb
2013-06-19T19:29:59.595+08:00: LoadService:           <- jruby/kernel/rbconfig.rb - 4ms
2013-06-19T19:29:59.595+08:00: LoadService:         <- rbconfig - 22ms
2013-06-19T19:29:59.595+08:00: LoadService:         -> rubygems/deprecate
2013-06-19T19:29:59.595+08:00: LoadService: LoadService: trying builtinLib: rubygems/deprecate.rb
2013-06-19T19:29:59.596+08:00: LoadService: LoadService: trying builtinLib: rubygems/deprecate.class
2013-06-19T19:29:59.596+08:00: LoadService: LoadService: trying resourceFromLoadPath: '/opt/jruby/lib/ruby/1.9/site_ruby/rubygems/deprecate.rb' false false
2013-06-19T19:29:59.596+08:00: LoadService: LoadService: trying resourceFromLoadPath: '/opt/jruby/lib/ruby/1.9/site_ruby/rubygems/deprecate.class' false false
2013-06-19T19:29:59.596+08:00: LoadService: LoadService: trying resourceFromLoadPath: '/opt/jruby/lib/ruby/shared/rubygems/deprecate.rb' true true
2013-06-19T19:29:59.596+08:00: LoadService: LoadService: found: file:/opt/jruby/lib/ruby/shared/rubygems/deprecate.rb
2013-06-19T19:29:59.600+08:00: LoadService:         <- rubygems/deprecate - 4ms
2013-06-19T19:29:59.622+08:00: LoadService:         -> rubygems/exceptions
2013-06-19T19:29:59.622+08:00: LoadService: LoadService: trying builtinLib: rubygems/exceptions.rb
2013-06-19T19:29:59.623+08:00: LoadService: LoadService: trying builtinLib: rubygems/exceptions.class
2013-06-19T19:29:59.623+08:00: LoadService: LoadService: trying resourceFromLoadPath: '/opt/jruby/lib/ruby/1.9/site_ruby/rubygems/exceptions.rb' false false
2013-06-19T19:29:59.623+08:00: LoadService: LoadService: trying resourceFromLoadPath: '/opt/jruby/lib/ruby/1.9/site_ruby/rubygems/exceptions.class' false false
2013-06-19T19:29:59.623+08:00: LoadService: LoadService: trying resourceFromLoadPath: '/opt/jruby/lib/ruby/shared/rubygems/exceptions.rb' true true
2013-06-19T19:29:59.623+08:00: LoadService: LoadService: found: file:/opt/jruby/lib/ruby/shared/rubygems/exceptions.rb
2013-06-19T19:29:59.632+08:00: LoadService:         <- rubygems/exceptions - 10ms
2013-06-19T19:29:59.632+08:00: LoadService:         -> rubygems/defaults/operating_system
2013-06-19T19:29:59.633+08:00: LoadService: LoadService: trying builtinLib: rubygems/defaults/operating_system.rb
2013-06-19T19:29:59.633+08:00: LoadService: LoadService: trying builtinLib: rubygems/defaults/operating_system.class
2013-06-19T19:29:59.633+08:00: LoadService: LoadService: trying resourceFromLoadPath: '/opt/jruby/lib/ruby/1.9/site_ruby/rubygems/defaults/operating_system.rb' false false
2013-06-19T19:29:59.633+08:00: LoadService: LoadService: trying resourceFromLoadPath: '/opt/jruby/lib/ruby/1.9/site_ruby/rubygems/defaults/operating_system.class' false false
2013-06-19T19:29:59.633+08:00: LoadService: LoadService: trying resourceFromLoadPath: '/opt/jruby/lib/ruby/shared/rubygems/defaults/operating_system.rb' false false
2013-06-19T19:29:59.633+08:00: LoadService: LoadService: trying resourceFromLoadPath: '/opt/jruby/lib/ruby/shared/rubygems/defaults/operating_system.class' false false
2013-06-19T19:29:59.651+08:00: LoadService: LoadService: trying resourceFromLoadPath: '/opt/jruby/lib/ruby/1.9/rubygems/defaults/operating_system.rb' false false
2013-06-19T19:29:59.652+08:00: LoadService: LoadService: trying resourceFromLoadPath: '/opt/jruby/lib/ruby/1.9/rubygems/defaults/operating_system.class' false false
2013-06-19T19:29:59.652+08:00: LoadService: LoadService: trying builtinLib: rubygems/defaults/operating_system.jar
2013-06-19T19:29:59.652+08:00: LoadService: LoadService: trying builtinLib: rubygems/defaults/operating_system.jar.rb
2013-06-19T19:29:59.652+08:00: LoadService: LoadService: trying resourceFromLoadPath: '/opt/jruby/lib/ruby/1.9/site_ruby/rubygems/defaults/operating_system.jar' false false
2013-06-19T19:29:59.652+08:00: LoadService: LoadService: trying resourceFromLoadPath: '/opt/jruby/lib/ruby/1.9/site_ruby/rubygems/defaults/operating_system.jar.rb' false false
2013-06-19T19:29:59.652+08:00: LoadService: LoadService: trying resourceFromLoadPath: '/opt/jruby/lib/ruby/shared/rubygems/defaults/operating_system.jar' false false
2013-06-19T19:29:59.653+08:00: LoadService: LoadService: trying resourceFromLoadPath: '/opt/jruby/lib/ruby/shared/rubygems/defaults/operating_system.jar.rb' false false
2013-06-19T19:29:59.653+08:00: LoadService: LoadService: trying resourceFromLoadPath: '/opt/jruby/lib/ruby/1.9/rubygems/defaults/operating_system.jar' false false
2013-06-19T19:29:59.653+08:00: LoadService: LoadService: trying resourceFromLoadPath: '/opt/jruby/lib/ruby/1.9/rubygems/defaults/operating_system.jar.rb' false false
2013-06-19T19:29:59.653+08:00: LoadService: LoadService: trying fileInClasspath: rubygems/defaults/operating_system.rb
2013-06-19T19:29:59.653+08:00: LoadService: LoadService: trying fileInClasspath: rubygems/defaults/operating_system.class
2013-06-19T19:29:59.654+08:00: LoadService: LoadService: trying fileInClasspath: rubygems/defaults/operating_system.jar
2013-06-19T19:29:59.654+08:00: LoadService: LoadService: trying fileInClasspath: rubygems/defaults/operating_system.jar.rb
2013-06-19T19:29:59.655+08:00: LoadService: LoadService: trying jarWithExtension: rubygems/defaults/operating_system
2013-06-19T19:29:59.658+08:00: LoadService:         <- rubygems/defaults/operating_system - 26ms
2013-06-19T19:29:59.659+08:00: LoadService:         -> rubygems/defaults/jruby
2013-06-19T19:29:59.659+08:00: LoadService: LoadService: trying builtinLib: rubygems/defaults/jruby.rb
2013-06-19T19:29:59.659+08:00: LoadService: LoadService: trying builtinLib: rubygems/defaults/jruby.class
2013-06-19T19:29:59.660+08:00: LoadService: LoadService: trying resourceFromLoadPath: '/opt/jruby/lib/ruby/1.9/site_ruby/rubygems/defaults/jruby.rb' false false
2013-06-19T19:29:59.660+08:00: LoadService: LoadService: trying resourceFromLoadPath: '/opt/jruby/lib/ruby/1.9/site_ruby/rubygems/defaults/jruby.class' false false
2013-06-19T19:29:59.660+08:00: LoadService: LoadService: trying resourceFromLoadPath: '/opt/jruby/lib/ruby/shared/rubygems/defaults/jruby.rb' true true
2013-06-19T19:29:59.661+08:00: LoadService: LoadService: found: file:/opt/jruby/lib/ruby/shared/rubygems/defaults/jruby.rb
2013-06-19T19:29:59.670+08:00: LoadService:           -> rubygems/config_file
2013-06-19T19:29:59.670+08:00: LoadService: LoadService: trying builtinLib: rubygems/config_file.rb
2013-06-19T19:29:59.670+08:00: LoadService: LoadService: trying builtinLib: rubygems/config_file.class
2013-06-19T19:29:59.671+08:00: LoadService: LoadService: trying resourceFromLoadPath: '/opt/jruby/lib/ruby/1.9/site_ruby/rubygems/config_file.rb' false false
2013-06-19T19:29:59.671+08:00: LoadService: LoadService: trying resourceFromLoadPath: '/opt/jruby/lib/ruby/1.9/site_ruby/rubygems/config_file.class' false false
2013-06-19T19:29:59.671+08:00: LoadService: LoadService: trying resourceFromLoadPath: '/opt/jruby/lib/ruby/shared/rubygems/config_file.rb' true true
2013-06-19T19:29:59.672+08:00: LoadService: LoadService: found: file:/opt/jruby/lib/ruby/shared/rubygems/config_file.rb
2013-06-19T19:29:59.700+08:00: LoadService:             -> etc
2013-06-19T19:29:59.755+08:00: LoadService: LoadService: trying builtinLib: etc.rb
2013-06-19T19:29:59.755+08:00: LoadService: LoadService: trying builtinLib: etc.class
2013-06-19T19:29:59.756+08:00: LoadService: LoadService: trying resourceFromLoadPath: '/opt/jruby/lib/ruby/1.9/site_ruby/etc.rb' false false
2013-06-19T19:29:59.756+08:00: LoadService: LoadService: trying resourceFromLoadPath: '/opt/jruby/lib/ruby/1.9/site_ruby/etc.class' false false
2013-06-19T19:29:59.756+08:00: LoadService: LoadService: trying resourceFromLoadPath: '/opt/jruby/lib/ruby/shared/etc.rb' false false
2013-06-19T19:29:59.756+08:00: LoadService: LoadService: trying resourceFromLoadPath: '/opt/jruby/lib/ruby/shared/etc.class' false false
2013-06-19T19:29:59.756+08:00: LoadService: LoadService: trying resourceFromLoadPath: '/opt/jruby/lib/ruby/1.9/etc.rb' false false
2013-06-19T19:29:59.756+08:00: LoadService: LoadService: trying resourceFromLoadPath: '/opt/jruby/lib/ruby/1.9/etc.class' false false
2013-06-19T19:29:59.756+08:00: LoadService: LoadService: trying builtinLib: etc.jar
2013-06-19T19:29:59.756+08:00: LoadService: LoadService: found builtinLib: etc.jar
2013-06-19T19:29:59.761+08:00: LoadService:             <- etc - 6ms
2013-06-19T19:29:59.765+08:00: LoadService:           <- rubygems/config_file - 95ms
2013-06-19T19:29:59.765+08:00: LoadService:           -> jruby/util
2013-06-19T19:29:59.766+08:00: LoadService: LoadService: trying builtinLib: jruby/util.rb
2013-06-19T19:29:59.766+08:00: LoadService: LoadService: found builtinLib: jruby/util.rb
2013-06-19T19:29:59.767+08:00: LoadService:           <- jruby/util - 2ms
2013-06-19T19:29:59.768+08:00: LoadService:           -> rubygems/specification
2013-06-19T19:29:59.769+08:00: LoadService: LoadService: trying builtinLib: rubygems/specification.rb
2013-06-19T19:29:59.769+08:00: LoadService: LoadService: trying builtinLib: rubygems/specification.class
2013-06-19T19:29:59.769+08:00: LoadService: LoadService: trying resourceFromLoadPath: '/opt/jruby/lib/ruby/1.9/site_ruby/rubygems/specification.rb' false false
2013-06-19T19:29:59.769+08:00: LoadService: LoadService: trying resourceFromLoadPath: '/opt/jruby/lib/ruby/1.9/site_ruby/rubygems/specification.class' false false
2013-06-19T19:29:59.770+08:00: LoadService: LoadService: trying resourceFromLoadPath: '/opt/jruby/lib/ruby/shared/rubygems/specification.rb' true true
2013-06-19T19:29:59.770+08:00: LoadService: LoadService: found: file:/opt/jruby/lib/ruby/shared/rubygems/specification.rb
2013-06-19T19:29:59.846+08:00: LoadService:             -> rubygems/version
2013-06-19T19:29:59.847+08:00: LoadService: LoadService: trying builtinLib: rubygems/version.rb
2013-06-19T19:29:59.847+08:00: LoadService: LoadService: trying builtinLib: rubygems/version.class
2013-06-19T19:29:59.847+08:00: LoadService: LoadService: trying resourceFromLoadPath: '/opt/jruby/lib/ruby/1.9/site_ruby/rubygems/version.rb' false false
2013-06-19T19:29:59.848+08:00: LoadService: LoadService: trying resourceFromLoadPath: '/opt/jruby/lib/ruby/1.9/site_ruby/rubygems/version.class' false false
2013-06-19T19:29:59.848+08:00: LoadService: LoadService: trying resourceFromLoadPath: '/opt/jruby/lib/ruby/shared/rubygems/version.rb' true true
2013-06-19T19:29:59.848+08:00: LoadService: LoadService: found: file:/opt/jruby/lib/ruby/shared/rubygems/version.rb
2013-06-19T19:29:59.867+08:00: LoadService:             <- rubygems/version - 20ms
2013-06-19T19:29:59.868+08:00: LoadService:             -> rubygems/requirement
2013-06-19T19:29:59.869+08:00: LoadService: LoadService: trying builtinLib: rubygems/requirement.rb
2013-06-19T19:29:59.869+08:00: LoadService: LoadService: trying builtinLib: rubygems/requirement.class
2013-06-19T19:29:59.870+08:00: LoadService: LoadService: trying resourceFromLoadPath: '/opt/jruby/lib/ruby/1.9/site_ruby/rubygems/requirement.rb' false false
2013-06-19T19:29:59.870+08:00: LoadService: LoadService: trying resourceFromLoadPath: '/opt/jruby/lib/ruby/1.9/site_ruby/rubygems/requirement.class' false false
2013-06-19T19:29:59.871+08:00: LoadService: LoadService: trying resourceFromLoadPath: '/opt/jruby/lib/ruby/shared/rubygems/requirement.rb' true true
2013-06-19T19:29:59.871+08:00: LoadService: LoadService: found: file:/opt/jruby/lib/ruby/shared/rubygems/requirement.rb
2013-06-19T19:29:59.902+08:00: LoadService:             <- rubygems/requirement - 33ms
2013-06-19T19:29:59.904+08:00: LoadService:             -> rubygems/platform
2013-06-19T19:29:59.905+08:00: LoadService: LoadService: trying builtinLib: rubygems/platform.rb
2013-06-19T19:29:59.905+08:00: LoadService: LoadService: trying builtinLib: rubygems/platform.class
2013-06-19T19:29:59.906+08:00: LoadService: LoadService: trying resourceFromLoadPath: '/opt/jruby/lib/ruby/1.9/site_ruby/rubygems/platform.rb' false false
2013-06-19T19:29:59.906+08:00: LoadService: LoadService: trying resourceFromLoadPath: '/opt/jruby/lib/ruby/1.9/site_ruby/rubygems/platform.class' false false
2013-06-19T19:29:59.907+08:00: LoadService: LoadService: trying resourceFromLoadPath: '/opt/jruby/lib/ruby/shared/rubygems/platform.rb' true true
2013-06-19T19:29:59.907+08:00: LoadService: LoadService: found: file:/opt/jruby/lib/ruby/shared/rubygems/platform.rb
2013-06-19T19:29:59.941+08:00: LoadService:             <- rubygems/platform - 37ms
2013-06-19T19:29:59.980+08:00: LoadService:           <- rubygems/specification - 211ms
2013-06-19T19:29:59.986+08:00: LoadService:           -> rubygems/defaults/jruby_native
2013-06-19T19:29:59.987+08:00: LoadService: LoadService: trying builtinLib: rubygems/defaults/jruby_native.rb
2013-06-19T19:29:59.987+08:00: LoadService: LoadService: trying builtinLib: rubygems/defaults/jruby_native.class
2013-06-19T19:29:59.987+08:00: LoadService: LoadService: trying resourceFromLoadPath: '/opt/jruby/lib/ruby/1.9/site_ruby/rubygems/defaults/jruby_native.rb' false false
2013-06-19T19:29:59.988+08:00: LoadService: LoadService: trying resourceFromLoadPath: '/opt/jruby/lib/ruby/1.9/site_ruby/rubygems/defaults/jruby_native.class' false false
2013-06-19T19:29:59.988+08:00: LoadService: LoadService: trying resourceFromLoadPath: '/opt/jruby/lib/ruby/shared/rubygems/defaults/jruby_native.rb' false false
2013-06-19T19:29:59.988+08:00: LoadService: LoadService: trying resourceFromLoadPath: '/opt/jruby/lib/ruby/shared/rubygems/defaults/jruby_native.class' false false
2013-06-19T19:29:59.988+08:00: LoadService: LoadService: trying resourceFromLoadPath: '/opt/jruby/lib/ruby/1.9/rubygems/defaults/jruby_native.rb' false false
2013-06-19T19:29:59.989+08:00: LoadService: LoadService: trying resourceFromLoadPath: '/opt/jruby/lib/ruby/1.9/rubygems/defaults/jruby_native.class' false false
2013-06-19T19:29:59.989+08:00: LoadService: LoadService: trying builtinLib: rubygems/defaults/jruby_native.jar
2013-06-19T19:29:59.989+08:00: LoadService: LoadService: trying builtinLib: rubygems/defaults/jruby_native.jar.rb
2013-06-19T19:29:59.989+08:00: LoadService: LoadService: trying resourceFromLoadPath: '/opt/jruby/lib/ruby/1.9/site_ruby/rubygems/defaults/jruby_native.jar' false false
2013-06-19T19:29:59.990+08:00: LoadService: LoadService: trying resourceFromLoadPath: '/opt/jruby/lib/ruby/1.9/site_ruby/rubygems/defaults/jruby_native.jar.rb' false false
2013-06-19T19:29:59.990+08:00: LoadService: LoadService: trying resourceFromLoadPath: '/opt/jruby/lib/ruby/shared/rubygems/defaults/jruby_native.jar' false false
2013-06-19T19:29:59.990+08:00: LoadService: LoadService: trying resourceFromLoadPath: '/opt/jruby/lib/ruby/shared/rubygems/defaults/jruby_native.jar.rb' false false
2013-06-19T19:29:59.991+08:00: LoadService: LoadService: trying resourceFromLoadPath: '/opt/jruby/lib/ruby/1.9/rubygems/defaults/jruby_native.jar' false false
2013-06-19T19:29:59.991+08:00: LoadService: LoadService: trying resourceFromLoadPath: '/opt/jruby/lib/ruby/1.9/rubygems/defaults/jruby_native.jar.rb' false false
2013-06-19T19:29:59.991+08:00: LoadService: LoadService: trying fileInClasspath: rubygems/defaults/jruby_native.rb
2013-06-19T19:29:59.992+08:00: LoadService: LoadService: trying fileInClasspath: rubygems/defaults/jruby_native.class
2013-06-19T19:29:59.992+08:00: LoadService: LoadService: trying fileInClasspath: rubygems/defaults/jruby_native.jar
2013-06-19T19:29:59.993+08:00: LoadService: LoadService: trying fileInClasspath: rubygems/defaults/jruby_native.jar.rb
2013-06-19T19:29:59.994+08:00: LoadService: LoadService: trying jarWithExtension: rubygems/defaults/jruby_native
2013-06-19T19:29:59.997+08:00: LoadService:           <- rubygems/defaults/jruby_native - 11ms
2013-06-19T19:29:59.997+08:00: LoadService:         <- rubygems/defaults/jruby - 338ms
2013-06-19T19:29:59.998+08:00: LoadService:         -> rubygems/custom_require
2013-06-19T19:29:59.999+08:00: LoadService: LoadService: trying builtinLib: rubygems/custom_require.rb
2013-06-19T19:29:59.999+08:00: LoadService: LoadService: trying builtinLib: rubygems/custom_require.class
2013-06-19T19:29:59.999+08:00: LoadService: LoadService: trying resourceFromLoadPath: '/opt/jruby/lib/ruby/1.9/site_ruby/rubygems/custom_require.rb' false false
2013-06-19T19:30:00.000+08:00: LoadService: LoadService: trying resourceFromLoadPath: '/opt/jruby/lib/ruby/1.9/site_ruby/rubygems/custom_require.class' false false
2013-06-19T19:30:00.000+08:00: LoadService: LoadService: trying resourceFromLoadPath: '/opt/jruby/lib/ruby/shared/rubygems/custom_require.rb' true true
2013-06-19T19:30:00.000+08:00: LoadService: LoadService: found: file:/opt/jruby/lib/ruby/shared/rubygems/custom_require.rb
2013-06-19T19:30:00.019+08:00: LoadService:         <- rubygems/custom_require - 21ms
2013-06-19T19:30:00.031+08:00: LoadService:       <- rubygems - 526ms
2013-06-19T19:30:00.031+08:00: LoadService:     <- jruby/kernel19/rubygems.rb - 531ms
2013-06-19T19:30:00.032+08:00: LoadService:   <- classloader:jruby/kernel19.rb - 699ms