thread.jar 3
jruby/kernel/jruby/generator.rb 139
jruby/java/java_ext/java.util.regex 62
jruby/kernel19/gc.rb 196
jruby/java/core_ext/object 98
ruboto/util/toast 19
ruboto/widget 342
jruby/kernel/signal.rb 58
jruby/java/java_ext/java.io 56
jruby/java/java_ext/org.jruby.ast 103
jruby/java/java_module 56
jruby/kernel19/io.rb 18
jruby/kernel19/process.rb 6
jruby/kernel19/time.rb 24
thread 12
report 527
ruboto/util/stack 33
classloader:jruby/kernel19.rb 465
jruby/kernel/jruby/type.rb 22
jruby/kernel19/jruby/type.rb 21
jruby/kernel19/enumerable.rb 24
classloader:jruby/jruby.rb 82
jruby/java/core_ext 241
jruby/java/java_ext 702
jruby/kernel19/jruby/process_util.rb 52
jruby 1691
jruby/java/core_ext/kernel 53
jruby/java/java_package_module_template 54
ruboto/version 10
ruboto/activity 588
jruby/java 1465
jruby/kernel19/enumerator.rb 4
jruby/kernel19/kernel.rb 39
ruboto/base 472
jruby/java/java_ext/java.net 29
jruby/java/core_ext/module 74
ruboto/package 51
java 1596
jruby/java/java_ext/java.lang 357
jruby/java/java_utilities 32
jruby/kernel19/thread.rb 7
jruby/kernel19/encoding/converter.rb 9
jruby/kernel19/proc.rb 18
classloader:jruby/kernel.rb 232
jruby/java/java_ext/java.util 71
