jruby/kernel/jruby/generator.rb 138
jruby/java/java_ext/java.util.regex 65
jruby/java/core_ext/object 85
ruboto/util/toast 17
ruboto/widget 410
jruby/kernel/signal.rb 58
jruby/java/java_ext/java.io 59
jruby/java/java_ext/org.jruby.ast 130
jruby/java/java_module 31
thread 14
report 493
ruboto/util/stack 30
jruby/kernel/jruby/type.rb 20
classloader:jruby/jruby.rb 52
jruby/java/core_ext 217
jruby/java/java_ext 729
jruby 1631
jruby/java/core_ext/kernel 46
jruby/java/java_package_module_template 41
classloader:jruby/kernel18.rb 2
ruboto/version 8
ruboto/activity 400
jruby/java 1459
ruboto/base 305
jruby/java/java_ext/java.net 31
jruby/java/core_ext/module 69
ruboto/package 39
java 1569
jruby/java/java_ext/java.lang 355
jruby/java/java_utilities 36
classloader:jruby/kernel.rb 227
jruby/java/java_ext/java.util 68
