jruby/kernel/jruby/generator.rb 126
jruby/java/java_ext/java.util.regex 69
jruby/java/core_ext/object 86
ruboto/util/toast 18
ruboto/widget 377
jruby/kernel/signal.rb 53
jruby/java/java_ext/java.io 103
jruby/java/java_ext/org.jruby.ast 165
jruby/java/java_module 25
thread 11
report 473
ruboto/util/stack 28
jruby/kernel/jruby/type.rb 17
classloader:jruby/jruby.rb 66
jruby/java/core_ext 192
jruby/java/java_ext 756
jruby 1540
jruby/java/core_ext/kernel 40
jruby/java/java_package_module_template 24
classloader:jruby/kernel18.rb 3
ruboto/version 8
ruboto/activity 409
jruby/java 1365
ruboto/base 310
jruby/java/java_ext/java.net 32
jruby/java/core_ext/module 52
ruboto/package 39
java 1463
jruby/java/java_ext/java.lang 312
jruby/java/java_utilities 26
classloader:jruby/kernel.rb 207
jruby/java/java_ext/java.util 58
