thread.jar 3
jruby/kernel/jruby/generator.rb 143
jruby/java/java_ext/java.util.regex 69
jruby/kernel19/gc.rb 145
jruby/java/core_ext/object 104
ruboto/util/toast 18
ruboto/widget 289
jruby/kernel/signal.rb 56
jruby/java/java_ext/java.io 63
jruby/java/java_ext/org.jruby.ast 110
jruby/java/java_module 28
jruby/kernel19/io.rb 12
jruby/kernel19/process.rb 8
jruby/kernel19/time.rb 25
thread 14
report 512
ruboto/util/stack 28
classloader:jruby/kernel19.rb 416
jruby/kernel/jruby/type.rb 19
jruby/kernel19/jruby/type.rb 7
jruby/kernel19/enumerable.rb 37
classloader:jruby/jruby.rb 61
jruby/java/core_ext 254
jruby/java/java_ext 737
jruby/kernel19/jruby/process_util.rb 43
jruby 1668
jruby/java/core_ext/kernel 56
jruby/java/java_package_module_template 36
ruboto/version 10
ruboto/activity 616
jruby/java 1487
jruby/kernel19/enumerator.rb 4
jruby/kernel19/kernel.rb 34
ruboto/base 500
jruby/java/java_ext/java.net 32
jruby/java/core_ext/module 76
ruboto/package 43
java 1597
jruby/java/java_ext/java.lang 367
jruby/java/java_utilities 36
jruby/kernel19/thread.rb 7
jruby/kernel19/encoding/converter.rb 8
jruby/kernel19/proc.rb 19
classloader:jruby/kernel.rb 231
jruby/java/java_ext/java.util 71
